mode: set
github.com/PratikforCoding/CodeSentry/cmd/server/main.go:11.13,14.37 3 0
github.com/PratikforCoding/CodeSentry/cmd/server/main.go:14.37,16.3 1 0
github.com/PratikforCoding/CodeSentry/cmd/server/main.go:18.2,20.16 3 0
github.com/PratikforCoding/CodeSentry/cmd/server/main.go:20.16,22.3 1 0
github.com/PratikforCoding/CodeSentry/cmd/server/main.go:24.2,25.47 2 0
github.com/PratikforCoding/CodeSentry/cmd/server/main.go:25.47,27.3 1 0
github.com/PratikforCoding/CodeSentry/api/routes.go:12.32,29.2 7 0
github.com/PratikforCoding/CodeSentry/api/routes.go:29.2,42.3 9 0
github.com/PratikforCoding/CodeSentry/api/routes.go:43.2,43.15 1 0
github.com/PratikforCoding/CodeSentry/api/routes.go:12.32,29.2 7 0
github.com/PratikforCoding/CodeSentry/api/routes.go:29.2,42.3 9 0
github.com/PratikforCoding/CodeSentry/api/routes.go:43.2,43.15 1 0
github.com/PratikforCoding/CodeSentry/cmd/server/main.go:11.13,14.37 3 0
github.com/PratikforCoding/CodeSentry/cmd/server/main.go:14.37,16.3 1 0
github.com/PratikforCoding/CodeSentry/cmd/server/main.go:18.2,20.16 3 0
github.com/PratikforCoding/CodeSentry/cmd/server/main.go:20.16,22.3 1 0
github.com/PratikforCoding/CodeSentry/cmd/server/main.go:24.2,25.47 2 0
github.com/PratikforCoding/CodeSentry/cmd/server/main.go:25.47,27.3 1 0
github.com/PratikforCoding/CodeSentry/internal/database/mongo.go:15.44,20.16 4 1
github.com/PratikforCoding/CodeSentry/internal/database/mongo.go:20.16,23.3 2 0
github.com/PratikforCoding/CodeSentry/internal/database/mongo.go:25.2,25.46 1 1
github.com/PratikforCoding/CodeSentry/internal/database/mongo.go:25.46,28.3 2 0
github.com/PratikforCoding/CodeSentry/internal/database/mongo.go:30.2,32.12 3 1
github.com/PratikforCoding/CodeSentry/internal/handlers/analyses.go:16.95,20.2 1 0
github.com/PratikforCoding/CodeSentry/internal/handlers/analyses.go:22.62,26.2 1 0
github.com/PratikforCoding/CodeSentry/internal/handlers/analyses.go:28.56,33.16 3 0
github.com/PratikforCoding/CodeSentry/internal/handlers/analyses.go:33.16,40.3 2 0
github.com/PratikforCoding/CodeSentry/internal/handlers/analyses.go:42.2,45.4 1 0
github.com/PratikforCoding/CodeSentry/internal/handlers/analyses.go:48.56,52.16 3 0
github.com/PratikforCoding/CodeSentry/internal/handlers/analyses.go:52.16,53.42 1 0
github.com/PratikforCoding/CodeSentry/internal/handlers/analyses.go:53.42,60.4 2 0
github.com/PratikforCoding/CodeSentry/internal/handlers/analyses.go:61.3,61.41 1 0
github.com/PratikforCoding/CodeSentry/internal/handlers/analyses.go:61.41,68.4 2 0
github.com/PratikforCoding/CodeSentry/internal/handlers/analyses.go:69.3,74.9 2 0
github.com/PratikforCoding/CodeSentry/internal/handlers/analyses.go:77.2,77.33 1 0
github.com/PratikforCoding/CodeSentry/internal/handlers/analyses.go:80.59,84.53 3 0
github.com/PratikforCoding/CodeSentry/internal/handlers/analyses.go:84.53,91.3 2 0
github.com/PratikforCoding/CodeSentry/internal/handlers/analyses.go:93.2,94.16 2 0
github.com/PratikforCoding/CodeSentry/internal/handlers/analyses.go:94.16,95.42 1 0
github.com/PratikforCoding/CodeSentry/internal/handlers/analyses.go:95.42,102.4 2 0
github.com/PratikforCoding/CodeSentry/internal/handlers/analyses.go:103.3,103.41 1 0
github.com/PratikforCoding/CodeSentry/internal/handlers/analyses.go:103.41,110.4 2 0
github.com/PratikforCoding/CodeSentry/internal/handlers/analyses.go:111.3,116.9 2 0
github.com/PratikforCoding/CodeSentry/internal/handlers/analyses.go:119.2,121.4 1 0
github.com/PratikforCoding/CodeSentry/internal/handlers/analyses.go:124.59,128.16 3 0
github.com/PratikforCoding/CodeSentry/internal/handlers/analyses.go:128.16,129.42 1 0
github.com/PratikforCoding/CodeSentry/internal/handlers/analyses.go:129.42,136.4 2 0
github.com/PratikforCoding/CodeSentry/internal/handlers/analyses.go:137.3,137.41 1 0
github.com/PratikforCoding/CodeSentry/internal/handlers/analyses.go:137.41,144.4 2 0
github.com/PratikforCoding/CodeSentry/internal/handlers/analyses.go:145.3,150.9 2 0
github.com/PratikforCoding/CodeSentry/internal/handlers/analyses.go:153.2,155.4 1 0
github.com/PratikforCoding/CodeSentry/internal/handlers/analyzer.go:15.62,19.2 1 0
github.com/PratikforCoding/CodeSentry/internal/handlers/analyzer.go:21.56,23.55 2 0
github.com/PratikforCoding/CodeSentry/internal/handlers/analyzer.go:23.55,30.3 2 0
github.com/PratikforCoding/CodeSentry/internal/handlers/analyzer.go:32.2,32.120 1 0
github.com/PratikforCoding/CodeSentry/internal/handlers/analyzer.go:32.120,37.3 4 0
github.com/PratikforCoding/CodeSentry/internal/handlers/analyzer.go:39.2,40.33 2 0
github.com/PratikforCoding/CodeSentry/internal/handlers/analyzer.go:43.62,45.47 2 0
github.com/PratikforCoding/CodeSentry/internal/handlers/analyzer.go:45.47,52.3 2 0
github.com/PratikforCoding/CodeSentry/internal/handlers/analyzer.go:53.2,63.4 3 0
github.com/PratikforCoding/CodeSentry/internal/handlers/analyzer.go:66.60,69.47 2 0
github.com/PratikforCoding/CodeSentry/internal/handlers/analyzer.go:69.47,76.3 2 0
github.com/PratikforCoding/CodeSentry/internal/handlers/analyzer.go:78.2,88.4 6 0
github.com/PratikforCoding/CodeSentry/internal/handlers/analyzer.go:91.57,94.47 2 0
github.com/PratikforCoding/CodeSentry/internal/handlers/analyzer.go:94.47,101.3 2 0
github.com/PratikforCoding/CodeSentry/internal/handlers/analyzer.go:103.2,113.4 6 0
github.com/PratikforCoding/CodeSentry/internal/handlers/analyzer.go:116.66,121.2 2 0
github.com/PratikforCoding/CodeSentry/internal/handlers/health.go:10.34,18.2 2 0
github.com/PratikforCoding/CodeSentry/internal/repository/repository.go:26.68,30.2 1 0
github.com/PratikforCoding/CodeSentry/internal/repository/repository.go:32.106,45.2 4 0
github.com/PratikforCoding/CodeSentry/internal/repository/repository.go:47.90,52.20 3 0
github.com/PratikforCoding/CodeSentry/internal/repository/repository.go:52.20,54.3 1 0
github.com/PratikforCoding/CodeSentry/internal/repository/repository.go:57.2,61.16 4 0
github.com/PratikforCoding/CodeSentry/internal/repository/repository.go:61.16,63.3 1 0
github.com/PratikforCoding/CodeSentry/internal/repository/repository.go:64.2,67.67 3 0
github.com/PratikforCoding/CodeSentry/internal/repository/repository.go:67.67,69.3 1 0
github.com/PratikforCoding/CodeSentry/internal/repository/repository.go:71.2,71.22 1 0
github.com/PratikforCoding/CodeSentry/internal/repository/repository.go:74.83,78.16 3 0
github.com/PratikforCoding/CodeSentry/internal/repository/repository.go:78.16,80.3 1 0
github.com/PratikforCoding/CodeSentry/internal/repository/repository.go:82.2,84.16 3 0
github.com/PratikforCoding/CodeSentry/internal/repository/repository.go:84.16,85.34 1 0
github.com/PratikforCoding/CodeSentry/internal/repository/repository.go:85.34,87.4 1 0
github.com/PratikforCoding/CodeSentry/internal/repository/repository.go:88.3,88.32 1 0
github.com/PratikforCoding/CodeSentry/internal/repository/repository.go:91.2,91.22 1 0
github.com/PratikforCoding/CodeSentry/internal/repository/repository.go:94.103,98.16 3 0
github.com/PratikforCoding/CodeSentry/internal/repository/repository.go:98.16,100.3 1 0
github.com/PratikforCoding/CodeSentry/internal/repository/repository.go:103.2,110.27 2 0
github.com/PratikforCoding/CodeSentry/internal/repository/repository.go:110.27,112.3 1 0
github.com/PratikforCoding/CodeSentry/internal/repository/repository.go:113.2,113.27 1 0
github.com/PratikforCoding/CodeSentry/internal/repository/repository.go:113.27,115.3 1 0
github.com/PratikforCoding/CodeSentry/internal/repository/repository.go:117.2,123.16 2 0
github.com/PratikforCoding/CodeSentry/internal/repository/repository.go:123.16,125.3 1 0
github.com/PratikforCoding/CodeSentry/internal/repository/repository.go:127.2,127.30 1 0
github.com/PratikforCoding/CodeSentry/internal/repository/repository.go:127.30,129.3 1 0
github.com/PratikforCoding/CodeSentry/internal/repository/repository.go:131.2,131.12 1 0
github.com/PratikforCoding/CodeSentry/internal/repository/repository.go:134.63,138.16 3 0
github.com/PratikforCoding/CodeSentry/internal/repository/repository.go:138.16,140.3 1 0
github.com/PratikforCoding/CodeSentry/internal/repository/repository.go:142.2,143.16 2 0
github.com/PratikforCoding/CodeSentry/internal/repository/repository.go:143.16,145.3 1 0
github.com/PratikforCoding/CodeSentry/internal/repository/repository.go:147.2,147.30 1 0
github.com/PratikforCoding/CodeSentry/internal/repository/repository.go:147.30,149.3 1 0
github.com/PratikforCoding/CodeSentry/internal/repository/repository.go:151.2,151.12 1 0
github.com/PratikforCoding/CodeSentry/internal/services/analyzer.go:43.20,51.2 1 0
github.com/PratikforCoding/CodeSentry/internal/services/analyzer.go:57.62,65.2 1 0
github.com/PratikforCoding/CodeSentry/internal/services/analyzer.go:67.91,71.20 2 0
github.com/PratikforCoding/CodeSentry/internal/services/analyzer.go:71.20,74.3 2 0
github.com/PratikforCoding/CodeSentry/internal/services/analyzer.go:76.2,81.33 2 0
github.com/PratikforCoding/CodeSentry/internal/services/analyzer.go:81.33,83.3 1 0
github.com/PratikforCoding/CodeSentry/internal/services/analyzer.go:86.2,86.31 1 0
github.com/PratikforCoding/CodeSentry/internal/services/analyzer.go:86.31,88.3 1 0
github.com/PratikforCoding/CodeSentry/internal/services/analyzer.go:91.2,91.28 1 0
github.com/PratikforCoding/CodeSentry/internal/services/analyzer.go:91.28,93.3 1 0
github.com/PratikforCoding/CodeSentry/internal/services/analyzer.go:96.2,96.30 1 0
github.com/PratikforCoding/CodeSentry/internal/services/analyzer.go:96.30,98.3 1 0
github.com/PratikforCoding/CodeSentry/internal/services/analyzer.go:101.2,105.17 3 0
github.com/PratikforCoding/CodeSentry/internal/services/analyzer.go:108.77,125.29 12 0
github.com/PratikforCoding/CodeSentry/internal/services/analyzer.go:125.29,127.3 1 0
github.com/PratikforCoding/CodeSentry/internal/services/analyzer.go:128.2,147.3 5 0
github.com/PratikforCoding/CodeSentry/internal/services/analyzer.go:150.92,152.35 2 0
github.com/PratikforCoding/CodeSentry/internal/services/analyzer.go:152.35,154.3 1 0
github.com/PratikforCoding/CodeSentry/internal/services/analyzer.go:156.2,156.48 1 0
github.com/PratikforCoding/CodeSentry/internal/services/analyzer.go:156.48,157.25 1 0
github.com/PratikforCoding/CodeSentry/internal/services/analyzer.go:158.19,159.15 1 0
github.com/PratikforCoding/CodeSentry/internal/services/analyzer.go:160.15,161.15 1 0
github.com/PratikforCoding/CodeSentry/internal/services/analyzer.go:162.17,163.14 1 0
github.com/PratikforCoding/CodeSentry/internal/services/analyzer.go:164.14,165.14 1 0
github.com/PratikforCoding/CodeSentry/internal/services/analyzer.go:169.2,169.55 1 0
github.com/PratikforCoding/CodeSentry/internal/services/analyzer.go:169.55,170.30 1 0
github.com/PratikforCoding/CodeSentry/internal/services/analyzer.go:171.18,172.14 1 0
github.com/PratikforCoding/CodeSentry/internal/services/analyzer.go:173.15,174.14 1 0
github.com/PratikforCoding/CodeSentry/internal/services/analyzer.go:178.2,178.15 1 0
github.com/PratikforCoding/CodeSentry/internal/services/analyzer.go:178.15,180.3 1 0
github.com/PratikforCoding/CodeSentry/internal/services/analyzer.go:181.2,181.14 1 0
github.com/PratikforCoding/CodeSentry/internal/services/complexity.go:10.50,12.2 1 0
github.com/PratikforCoding/CodeSentry/internal/services/complexity.go:14.66,21.41 5 0
github.com/PratikforCoding/CodeSentry/internal/services/complexity.go:21.41,22.22 1 0
github.com/PratikforCoding/CodeSentry/internal/services/complexity.go:23.32,24.16 1 0
github.com/PratikforCoding/CodeSentry/internal/services/complexity.go:25.29,26.16 1 0
github.com/PratikforCoding/CodeSentry/internal/services/complexity.go:27.17,28.16 1 0
github.com/PratikforCoding/CodeSentry/internal/services/complexity.go:29.15,30.16 1 0
github.com/PratikforCoding/CodeSentry/internal/services/complexity.go:31.44,32.16 1 0
github.com/PratikforCoding/CodeSentry/internal/services/complexity.go:33.19,34.16 1 0
github.com/PratikforCoding/CodeSentry/internal/services/complexity.go:35.12,36.16 1 0
github.com/PratikforCoding/CodeSentry/internal/services/complexity.go:40.2,40.19 1 0
github.com/PratikforCoding/CodeSentry/internal/services/complexity.go:43.96,47.2 3 0
github.com/PratikforCoding/CodeSentry/internal/services/complexity.go:49.89,55.2 4 0
github.com/PratikforCoding/CodeSentry/internal/services/language_detector.go:11.46,13.2 1 0
github.com/PratikforCoding/CodeSentry/internal/services/language_detector.go:15.73,21.85 4 0
github.com/PratikforCoding/CodeSentry/internal/services/language_detector.go:21.85,23.3 1 0
github.com/PratikforCoding/CodeSentry/internal/services/language_detector.go:25.2,25.111 1 0
github.com/PratikforCoding/CodeSentry/internal/services/language_detector.go:25.111,27.3 1 0
github.com/PratikforCoding/CodeSentry/internal/services/language_detector.go:29.2,29.73 1 0
github.com/PratikforCoding/CodeSentry/internal/services/language_detector.go:29.73,31.3 1 0
github.com/PratikforCoding/CodeSentry/internal/services/language_detector.go:33.2,33.97 1 0
github.com/PratikforCoding/CodeSentry/internal/services/language_detector.go:33.97,35.3 1 0
github.com/PratikforCoding/CodeSentry/internal/services/language_detector.go:37.2,37.74 1 0
github.com/PratikforCoding/CodeSentry/internal/services/language_detector.go:37.74,39.3 1 0
github.com/PratikforCoding/CodeSentry/internal/services/language_detector.go:41.2,42.33 2 0
github.com/PratikforCoding/CodeSentry/internal/services/language_detector.go:42.33,45.3 2 0
github.com/PratikforCoding/CodeSentry/internal/services/language_detector.go:47.2,50.34 4 0
github.com/PratikforCoding/CodeSentry/internal/services/language_detector.go:50.34,51.53 1 0
github.com/PratikforCoding/CodeSentry/internal/services/language_detector.go:51.53,54.4 2 0
github.com/PratikforCoding/CodeSentry/internal/services/language_detector.go:57.2,57.21 1 0
github.com/PratikforCoding/CodeSentry/internal/services/language_detector.go:60.84,64.43 3 0
github.com/PratikforCoding/CodeSentry/internal/services/language_detector.go:64.43,65.40 1 0
github.com/PratikforCoding/CodeSentry/internal/services/language_detector.go:65.40,67.4 1 0
github.com/PratikforCoding/CodeSentry/internal/services/language_detector.go:69.2,69.19 1 0
github.com/PratikforCoding/CodeSentry/internal/services/language_detector.go:72.59,75.2 2 0
github.com/PratikforCoding/CodeSentry/internal/services/language_detector.go:77.93,81.34 4 0
github.com/PratikforCoding/CodeSentry/internal/services/language_detector.go:81.34,82.53 1 0
github.com/PratikforCoding/CodeSentry/internal/services/language_detector.go:82.53,85.4 2 0
github.com/PratikforCoding/CodeSentry/internal/services/language_detector.go:87.2,87.17 1 0
github.com/PratikforCoding/CodeSentry/internal/services/security.go:11.46,13.2 1 0
github.com/PratikforCoding/CodeSentry/internal/services/security.go:15.81,23.47 5 0
github.com/PratikforCoding/CodeSentry/internal/services/security.go:23.47,24.35 1 0
github.com/PratikforCoding/CodeSentry/internal/services/security.go:24.35,34.4 2 0
github.com/PratikforCoding/CodeSentry/internal/services/security.go:37.2,39.15 2 0
github.com/PratikforCoding/CodeSentry/internal/services/security.go:42.93,50.52 2 0
github.com/PratikforCoding/CodeSentry/internal/services/security.go:50.52,52.3 1 0
github.com/PratikforCoding/CodeSentry/internal/services/security.go:53.2,53.63 1 0
github.com/PratikforCoding/CodeSentry/internal/services/security.go:56.78,64.54 2 0
github.com/PratikforCoding/CodeSentry/internal/services/security.go:64.54,66.3 1 0
github.com/PratikforCoding/CodeSentry/internal/services/security.go:67.2,67.17 1 0
github.com/PratikforCoding/CodeSentry/internal/services/security.go:70.88,75.35 3 0
github.com/PratikforCoding/CodeSentry/internal/services/security.go:75.35,76.58 1 0
github.com/PratikforCoding/CodeSentry/internal/services/security.go:76.58,77.33 1 0
github.com/PratikforCoding/CodeSentry/internal/services/security.go:77.33,87.5 2 0
github.com/PratikforCoding/CodeSentry/internal/services/security.go:91.2,91.15 1 0
github.com/PratikforCoding/CodeSentry/internal/services/security.go:94.77,105.53 2 0
github.com/PratikforCoding/CodeSentry/internal/services/security.go:105.53,107.3 1 0
github.com/PratikforCoding/CodeSentry/internal/services/security.go:108.2,108.34 1 0
github.com/PratikforCoding/CodeSentry/internal/services/security.go:111.74,122.55 2 0
github.com/PratikforCoding/CodeSentry/internal/services/security.go:122.55,124.3 1 0
github.com/PratikforCoding/CodeSentry/internal/services/security.go:125.2,125.17 1 0
github.com/PratikforCoding/CodeSentry/internal/services/style.go:13.40,15.2 1 0
github.com/PratikforCoding/CodeSentry/internal/services/style.go:19.77,27.29 5 0
github.com/PratikforCoding/CodeSentry/internal/services/style.go:27.29,29.26 2 0
github.com/PratikforCoding/CodeSentry/internal/services/style.go:29.26,30.23 1 0
github.com/PratikforCoding/CodeSentry/internal/services/style.go:30.23,32.5 1 0
github.com/PratikforCoding/CodeSentry/internal/services/style.go:32.10,32.30 1 0
github.com/PratikforCoding/CodeSentry/internal/services/style.go:32.30,34.5 1 0
github.com/PratikforCoding/CodeSentry/internal/services/style.go:39.2,39.35 1 0
github.com/PratikforCoding/CodeSentry/internal/services/style.go:39.35,40.22 1 0
github.com/PratikforCoding/CodeSentry/internal/services/style.go:40.22,48.4 1 0
github.com/PratikforCoding/CodeSentry/internal/services/style.go:50.3,50.67 1 0
github.com/PratikforCoding/CodeSentry/internal/services/style.go:50.67,58.4 1 0
github.com/PratikforCoding/CodeSentry/internal/services/style.go:60.3,60.65 1 0
github.com/PratikforCoding/CodeSentry/internal/services/style.go:60.65,68.4 1 0
github.com/PratikforCoding/CodeSentry/internal/services/style.go:71.3,71.35 1 0
github.com/PratikforCoding/CodeSentry/internal/services/style.go:71.35,73.27 2 0
github.com/PratikforCoding/CodeSentry/internal/services/style.go:73.27,74.43 1 0
github.com/PratikforCoding/CodeSentry/internal/services/style.go:74.43,82.11 2 0
github.com/PratikforCoding/CodeSentry/internal/services/style.go:88.2,88.20 1 0
github.com/PratikforCoding/CodeSentry/internal/services/style.go:91.33,93.2 1 0
github.com/PratikforCoding/CodeSentry/internal/services/style.go:95.33,96.30 1 0
github.com/PratikforCoding/CodeSentry/internal/services/style.go:96.30,98.3 1 0
github.com/PratikforCoding/CodeSentry/internal/services/style.go:99.2,99.22 1 0
github.com/PratikforCoding/CodeSentry/internal/services/style.go:99.22,100.27 1 0
github.com/PratikforCoding/CodeSentry/internal/services/style.go:100.27,102.4 1 0
github.com/PratikforCoding/CodeSentry/internal/services/style.go:104.2,104.14 1 0
github.com/PratikforCoding/CodeSentry/internal/utils/keywords.go:5.46,76.35 2 0
github.com/PratikforCoding/CodeSentry/internal/utils/keywords.go:76.35,77.39 1 0
github.com/PratikforCoding/CodeSentry/internal/utils/keywords.go:77.39,79.4 1 0
github.com/PratikforCoding/CodeSentry/internal/utils/keywords.go:81.2,81.14 1 0
github.com/PratikforCoding/CodeSentry/internal/utils/parser.go:18.37,25.2 1 0
github.com/PratikforCoding/CodeSentry/internal/utils/parser.go:27.44,31.34 3 0
github.com/PratikforCoding/CodeSentry/internal/utils/parser.go:31.34,35.19 2 0
github.com/PratikforCoding/CodeSentry/internal/utils/parser.go:35.19,38.12 3 0
github.com/PratikforCoding/CodeSentry/internal/utils/parser.go:42.3,42.28 1 0
github.com/PratikforCoding/CodeSentry/internal/utils/parser.go:42.28,44.12 2 0
github.com/PratikforCoding/CodeSentry/internal/utils/parser.go:48.3,48.38 1 0
github.com/PratikforCoding/CodeSentry/internal/utils/parser.go:48.38,50.25 1 0
github.com/PratikforCoding/CodeSentry/internal/utils/parser.go:50.25,53.44 3 0
github.com/PratikforCoding/CodeSentry/internal/utils/parser.go:53.44,55.6 1 0
github.com/PratikforCoding/CodeSentry/internal/utils/parser.go:56.5,59.13 4 0
github.com/PratikforCoding/CodeSentry/internal/utils/parser.go:62.4,62.25 1 0
github.com/PratikforCoding/CodeSentry/internal/utils/parser.go:62.25,68.26 5 0
github.com/PratikforCoding/CodeSentry/internal/utils/parser.go:68.26,69.46 1 0
github.com/PratikforCoding/CodeSentry/internal/utils/parser.go:69.46,71.12 2 0
github.com/PratikforCoding/CodeSentry/internal/utils/parser.go:73.6,73.26 1 0
github.com/PratikforCoding/CodeSentry/internal/utils/parser.go:73.26,76.7 2 0
github.com/PratikforCoding/CodeSentry/internal/utils/parser.go:76.12,78.7 1 0
github.com/PratikforCoding/CodeSentry/internal/utils/parser.go:79.6,79.9 1 0
github.com/PratikforCoding/CodeSentry/internal/utils/parser.go:81.5,83.13 3 0
github.com/PratikforCoding/CodeSentry/internal/utils/parser.go:88.3,88.18 1 0
github.com/PratikforCoding/CodeSentry/internal/utils/parser.go:88.18,91.43 3 0
github.com/PratikforCoding/CodeSentry/internal/utils/parser.go:91.43,93.5 1 0
github.com/PratikforCoding/CodeSentry/internal/utils/parser.go:94.4,97.12 4 0
github.com/PratikforCoding/CodeSentry/internal/utils/parser.go:101.3,101.34 1 0
github.com/PratikforCoding/CodeSentry/internal/utils/parser.go:101.34,107.44 5 0
github.com/PratikforCoding/CodeSentry/internal/utils/parser.go:107.44,108.45 1 0
github.com/PratikforCoding/CodeSentry/internal/utils/parser.go:108.45,110.6 1 0
github.com/PratikforCoding/CodeSentry/internal/utils/parser.go:110.11,111.26 1 0
github.com/PratikforCoding/CodeSentry/internal/utils/parser.go:111.26,114.7 2 0
github.com/PratikforCoding/CodeSentry/internal/utils/parser.go:114.12,116.7 1 0
github.com/PratikforCoding/CodeSentry/internal/utils/parser.go:117.6,117.9 1 0
github.com/PratikforCoding/CodeSentry/internal/utils/parser.go:121.4,121.22 1 0
github.com/PratikforCoding/CodeSentry/internal/utils/parser.go:121.22,123.5 1 0
github.com/PratikforCoding/CodeSentry/internal/utils/parser.go:125.4,127.12 3 0
github.com/PratikforCoding/CodeSentry/internal/utils/parser.go:131.3,131.96 1 0
github.com/PratikforCoding/CodeSentry/internal/utils/parser.go:131.96,136.39 3 0
github.com/PratikforCoding/CodeSentry/internal/utils/parser.go:136.39,138.35 2 0
github.com/PratikforCoding/CodeSentry/internal/utils/parser.go:138.35,143.45 2 0
github.com/PratikforCoding/CodeSentry/internal/utils/parser.go:143.45,145.7 1 0
github.com/PratikforCoding/CodeSentry/internal/utils/parser.go:146.11,146.42 1 0
github.com/PratikforCoding/CodeSentry/internal/utils/parser.go:146.42,149.65 2 0
github.com/PratikforCoding/CodeSentry/internal/utils/parser.go:149.65,151.7 1 0
github.com/PratikforCoding/CodeSentry/internal/utils/parser.go:152.11,152.42 1 0
github.com/PratikforCoding/CodeSentry/internal/utils/parser.go:152.42,155.63 2 0
github.com/PratikforCoding/CodeSentry/internal/utils/parser.go:155.63,157.7 1 0
github.com/PratikforCoding/CodeSentry/internal/utils/parser.go:161.4,161.51 1 0
github.com/PratikforCoding/CodeSentry/internal/utils/parser.go:161.51,164.74 2 0
github.com/PratikforCoding/CodeSentry/internal/utils/parser.go:164.74,165.25 1 0
github.com/PratikforCoding/CodeSentry/internal/utils/parser.go:165.25,166.17 1 0
github.com/PratikforCoding/CodeSentry/internal/utils/parser.go:166.17,167.13 1 0
github.com/PratikforCoding/CodeSentry/internal/utils/parser.go:169.7,169.20 1 0
github.com/PratikforCoding/CodeSentry/internal/utils/parser.go:171.6,171.9 1 0
github.com/PratikforCoding/CodeSentry/internal/utils/parser.go:175.5,175.63 1 0
github.com/PratikforCoding/CodeSentry/internal/utils/parser.go:175.63,177.64 2 0
github.com/PratikforCoding/CodeSentry/internal/utils/parser.go:177.64,179.7 1 0
github.com/PratikforCoding/CodeSentry/internal/utils/parser.go:180.6,180.54 1 0
github.com/PratikforCoding/CodeSentry/internal/utils/parser.go:180.54,182.7 1 0
github.com/PratikforCoding/CodeSentry/internal/utils/parser.go:186.4,189.12 4 0
github.com/PratikforCoding/CodeSentry/internal/utils/parser.go:193.3,193.44 1 0
github.com/PratikforCoding/CodeSentry/internal/utils/parser.go:193.44,198.51 3 0
github.com/PratikforCoding/CodeSentry/internal/utils/parser.go:198.51,200.5 1 0
github.com/PratikforCoding/CodeSentry/internal/utils/parser.go:202.4,204.25 2 0
github.com/PratikforCoding/CodeSentry/internal/utils/parser.go:204.25,206.5 1 0
github.com/PratikforCoding/CodeSentry/internal/utils/parser.go:206.10,208.5 1 0
github.com/PratikforCoding/CodeSentry/internal/utils/parser.go:210.4,212.12 3 0
github.com/PratikforCoding/CodeSentry/internal/utils/parser.go:216.3,217.25 2 0
github.com/PratikforCoding/CodeSentry/internal/utils/parser.go:217.25,219.24 1 0
github.com/PratikforCoding/CodeSentry/internal/utils/parser.go:219.24,221.39 2 0
github.com/PratikforCoding/CodeSentry/internal/utils/parser.go:221.39,225.14 4 0
github.com/PratikforCoding/CodeSentry/internal/utils/parser.go:228.4,228.75 1 0
github.com/PratikforCoding/CodeSentry/internal/utils/parser.go:229.9,229.33 1 0
github.com/PratikforCoding/CodeSentry/internal/utils/parser.go:229.33,231.4 1 0
github.com/PratikforCoding/CodeSentry/internal/utils/parser.go:231.9,233.4 1 0
github.com/PratikforCoding/CodeSentry/internal/utils/parser.go:235.3,235.13 1 0
github.com/PratikforCoding/CodeSentry/internal/utils/parser.go:238.2,238.17 1 0
github.com/PratikforCoding/CodeSentry/internal/utils/parser.go:241.99,249.2 2 0
github.com/PratikforCoding/CodeSentry/internal/utils/parser.go:251.54,258.35 2 0
github.com/PratikforCoding/CodeSentry/internal/utils/parser.go:258.35,259.16 1 0
github.com/PratikforCoding/CodeSentry/internal/utils/parser.go:259.16,261.4 1 0
github.com/PratikforCoding/CodeSentry/internal/utils/parser.go:263.2,263.14 1 0
github.com/PratikforCoding/CodeSentry/internal/utils/parser.go:266.69,273.2 1 0
github.com/PratikforCoding/CodeSentry/internal/utils/parser.go:275.45,278.2 2 0
github.com/PratikforCoding/CodeSentry/internal/utils/parser.go:280.46,283.2 2 0
github.com/PratikforCoding/CodeSentry/internal/utils/parser.go:285.58,289.49 2 0
github.com/PratikforCoding/CodeSentry/internal/utils/parser.go:289.49,291.3 1 0
github.com/PratikforCoding/CodeSentry/internal/utils/parser.go:293.2,296.29 3 0
github.com/PratikforCoding/CodeSentry/internal/utils/parser.go:296.29,299.20 2 0
github.com/PratikforCoding/CodeSentry/internal/utils/parser.go:299.20,301.12 2 0
github.com/PratikforCoding/CodeSentry/internal/utils/parser.go:305.3,305.57 1 0
github.com/PratikforCoding/CodeSentry/internal/utils/parser.go:305.57,307.4 1 0
github.com/PratikforCoding/CodeSentry/internal/utils/parser.go:308.3,308.56 1 0
github.com/PratikforCoding/CodeSentry/internal/utils/parser.go:308.56,312.73 3 0
github.com/PratikforCoding/CodeSentry/internal/utils/parser.go:312.73,314.13 2 0
github.com/PratikforCoding/CodeSentry/internal/utils/parser.go:317.3,317.21 1 0
github.com/PratikforCoding/CodeSentry/internal/utils/parser.go:317.21,319.12 2 0
github.com/PratikforCoding/CodeSentry/internal/utils/parser.go:323.3,323.74 1 0
github.com/PratikforCoding/CodeSentry/internal/utils/parser.go:323.74,325.4 1 0
github.com/PratikforCoding/CodeSentry/internal/utils/parser.go:327.2,327.30 1 0
github.com/PratikforCoding/CodeSentry/internal/utils/parser.go:330.77,332.33 2 0
github.com/PratikforCoding/CodeSentry/internal/utils/parser.go:332.33,333.30 1 0
github.com/PratikforCoding/CodeSentry/internal/utils/parser.go:333.30,335.4 1 0
github.com/PratikforCoding/CodeSentry/internal/utils/parser.go:337.2,337.15 1 0
github.com/PratikforCoding/CodeSentry/internal/utils/parser.go:340.64,342.33 2 0
github.com/PratikforCoding/CodeSentry/internal/utils/parser.go:342.33,343.44 1 0
github.com/PratikforCoding/CodeSentry/internal/utils/parser.go:343.44,345.4 1 0
github.com/PratikforCoding/CodeSentry/internal/utils/parser.go:347.2,347.15 1 0
github.com/PratikforCoding/CodeSentry/internal/utils/parser.go:350.65,352.2 1 0
github.com/PratikforCoding/CodeSentry/internal/utils/parser.go:354.51,357.33 3 0
github.com/PratikforCoding/CodeSentry/internal/utils/parser.go:357.33,358.46 1 0
github.com/PratikforCoding/CodeSentry/internal/utils/parser.go:358.46,360.4 1 0
github.com/PratikforCoding/CodeSentry/internal/utils/parser.go:362.2,362.14 1 0
github.com/PratikforCoding/CodeSentry/internal/utils/parser.go:365.55,372.45 3 0
github.com/PratikforCoding/CodeSentry/internal/utils/parser.go:372.45,374.3 1 0
github.com/PratikforCoding/CodeSentry/internal/utils/parser.go:377.2,378.31 2 0
github.com/PratikforCoding/CodeSentry/internal/utils/parser.go:378.31,379.62 1 0
github.com/PratikforCoding/CodeSentry/internal/utils/parser.go:379.62,381.4 1 0
github.com/PratikforCoding/CodeSentry/internal/utils/parser.go:384.2,384.15 1 0
github.com/PratikforCoding/CodeSentry/internal/utils/parser.go:387.77,393.9 5 0
github.com/PratikforCoding/CodeSentry/internal/utils/parser.go:393.9,396.3 1 0
github.com/PratikforCoding/CodeSentry/internal/utils/parser.go:398.2,398.35 1 0
github.com/PratikforCoding/CodeSentry/internal/utils/parser.go:398.35,400.33 2 0
github.com/PratikforCoding/CodeSentry/internal/utils/parser.go:400.33,404.28 3 0
github.com/PratikforCoding/CodeSentry/internal/utils/parser.go:404.28,405.13 1 0
github.com/PratikforCoding/CodeSentry/internal/utils/parser.go:407.4,418.34 5 0
github.com/PratikforCoding/CodeSentry/internal/utils/parser.go:422.2,422.15 1 0
github.com/PratikforCoding/CodeSentry/internal/utils/parser.go:425.61,426.26 1 0
github.com/PratikforCoding/CodeSentry/internal/utils/parser.go:426.26,427.16 1 0
github.com/PratikforCoding/CodeSentry/internal/utils/parser.go:427.16,429.4 1 0
github.com/PratikforCoding/CodeSentry/internal/utils/parser.go:431.2,431.14 1 0
github.com/PratikforCoding/CodeSentry/internal/utils/parser.go:434.69,438.50 2 0
github.com/PratikforCoding/CodeSentry/internal/utils/parser.go:438.50,440.33 2 0
github.com/PratikforCoding/CodeSentry/internal/utils/parser.go:440.33,441.22 1 0
github.com/PratikforCoding/CodeSentry/internal/utils/parser.go:441.22,444.25 2 0
github.com/PratikforCoding/CodeSentry/internal/utils/parser.go:444.25,453.6 3 0
github.com/PratikforCoding/CodeSentry/internal/utils/parser.go:459.2,470.58 2 0
github.com/PratikforCoding/CodeSentry/internal/utils/parser.go:470.58,471.36 1 0
github.com/PratikforCoding/CodeSentry/internal/utils/parser.go:471.36,473.33 2 0
github.com/PratikforCoding/CodeSentry/internal/utils/parser.go:473.33,475.41 1 0
github.com/PratikforCoding/CodeSentry/internal/utils/parser.go:475.41,477.6 1 0
github.com/PratikforCoding/CodeSentry/internal/utils/parser.go:482.2,482.15 1 0
github.com/PratikforCoding/CodeSentry/internal/utils/parser.go:485.68,488.26 3 0
github.com/PratikforCoding/CodeSentry/internal/utils/parser.go:488.26,490.3 1 0
github.com/PratikforCoding/CodeSentry/internal/utils/parser.go:491.2,491.33 1 0
github.com/PratikforCoding/CodeSentry/internal/utils/parser.go:491.33,492.37 1 0
github.com/PratikforCoding/CodeSentry/internal/utils/parser.go:492.37,493.23 1 0
github.com/PratikforCoding/CodeSentry/internal/utils/parser.go:494.23,496.32 2 0
github.com/PratikforCoding/CodeSentry/internal/utils/parser.go:496.32,498.6 1 0
github.com/PratikforCoding/CodeSentry/internal/utils/parser.go:499.23,500.25 1 0
github.com/PratikforCoding/CodeSentry/internal/utils/parser.go:500.25,502.6 1 0
github.com/PratikforCoding/CodeSentry/internal/utils/parser.go:507.2,507.17 1 0
github.com/PratikforCoding/CodeSentry/internal/utils/parser.go:510.48,514.29 3 0
github.com/PratikforCoding/CodeSentry/internal/utils/parser.go:514.29,515.36 1 0
github.com/PratikforCoding/CodeSentry/internal/utils/parser.go:515.36,516.12 1 0
github.com/PratikforCoding/CodeSentry/internal/utils/parser.go:520.3,521.29 2 0
github.com/PratikforCoding/CodeSentry/internal/utils/parser.go:521.29,522.19 1 0
github.com/PratikforCoding/CodeSentry/internal/utils/parser.go:522.19,524.5 1 0
github.com/PratikforCoding/CodeSentry/internal/utils/parser.go:524.10,524.27 1 0
github.com/PratikforCoding/CodeSentry/internal/utils/parser.go:524.27,526.5 1 0
github.com/PratikforCoding/CodeSentry/internal/utils/parser.go:526.10,527.10 1 0
github.com/PratikforCoding/CodeSentry/internal/utils/parser.go:532.3,533.23 2 0
github.com/PratikforCoding/CodeSentry/internal/utils/parser.go:533.23,535.4 1 0
github.com/PratikforCoding/CodeSentry/internal/utils/parser.go:538.2,538.17 1 0
github.com/PratikforCoding/CodeSentry/internal/utils/parser.go:541.61,546.33 4 0
github.com/PratikforCoding/CodeSentry/internal/utils/parser.go:546.33,547.44 1 0
github.com/PratikforCoding/CodeSentry/internal/utils/parser.go:547.44,548.51 1 0
github.com/PratikforCoding/CodeSentry/internal/utils/parser.go:548.51,550.10 2 0
github.com/PratikforCoding/CodeSentry/internal/utils/parser.go:555.2,555.14 1 0
github.com/PratikforCoding/CodeSentry/internal/utils/parser.go:558.55,561.46 3 0
github.com/PratikforCoding/CodeSentry/internal/utils/parser.go:561.46,562.24 1 0
github.com/PratikforCoding/CodeSentry/internal/utils/parser.go:562.24,565.4 2 0
github.com/PratikforCoding/CodeSentry/internal/utils/parser.go:565.9,567.4 1 0
github.com/PratikforCoding/CodeSentry/internal/utils/parser.go:569.2,569.18 1 0
github.com/PratikforCoding/CodeSentry/internal/utils/parser.go:594.74,597.34 2 0
github.com/PratikforCoding/CodeSentry/internal/utils/parser.go:597.34,609.41 3 0
github.com/PratikforCoding/CodeSentry/internal/utils/parser.go:609.41,610.84 1 0
github.com/PratikforCoding/CodeSentry/internal/utils/parser.go:610.84,612.5 1 0
github.com/PratikforCoding/CodeSentry/internal/utils/parser.go:613.4,613.84 1 0
github.com/PratikforCoding/CodeSentry/internal/utils/parser.go:613.84,615.5 1 0
github.com/PratikforCoding/CodeSentry/internal/utils/parser.go:618.2,618.14 1 0
github.com/PratikforCoding/CodeSentry/internal/utils/parser.go:621.46,639.44 4 0
github.com/PratikforCoding/CodeSentry/internal/utils/parser.go:639.44,640.50 1 0
github.com/PratikforCoding/CodeSentry/internal/utils/parser.go:640.50,642.4 1 0
github.com/PratikforCoding/CodeSentry/internal/utils/parser.go:642.9,644.4 1 0
github.com/PratikforCoding/CodeSentry/internal/utils/parser.go:647.2,647.14 1 0
github.com/PratikforCoding/CodeSentry/internal/utils/parser.go:650.84,676.44 4 0
github.com/PratikforCoding/CodeSentry/internal/utils/parser.go:676.44,677.52 1 0
github.com/PratikforCoding/CodeSentry/internal/utils/parser.go:677.52,679.4 1 0
github.com/PratikforCoding/CodeSentry/internal/utils/parser.go:679.9,681.4 1 0
github.com/PratikforCoding/CodeSentry/internal/utils/parser.go:684.2,684.15 1 0
github.com/PratikforCoding/CodeSentry/internal/utils/parser.go:687.53,697.39 3 0
github.com/PratikforCoding/CodeSentry/internal/utils/parser.go:697.39,699.33 2 0
github.com/PratikforCoding/CodeSentry/internal/utils/parser.go:699.33,702.21 2 0
github.com/PratikforCoding/CodeSentry/internal/utils/parser.go:702.21,704.5 1 0
github.com/PratikforCoding/CodeSentry/internal/utils/parser.go:708.2,708.19 1 0
github.com/PratikforCoding/CodeSentry/internal/utils/parser.go:711.61,714.50 2 0
github.com/PratikforCoding/CodeSentry/internal/utils/parser.go:714.50,716.33 2 0
github.com/PratikforCoding/CodeSentry/internal/utils/parser.go:716.33,717.23 1 0
github.com/PratikforCoding/CodeSentry/internal/utils/parser.go:717.23,728.5 3 0
github.com/PratikforCoding/CodeSentry/internal/utils/parser.go:732.2,732.17 1 0
github.com/PratikforCoding/CodeSentry/internal/utils/parser.go:744.54,758.55 2 0
github.com/PratikforCoding/CodeSentry/internal/utils/parser.go:758.55,760.3 1 0
github.com/PratikforCoding/CodeSentry/internal/utils/parser.go:761.2,761.14 1 0
github.com/PratikforCoding/CodeSentry/internal/utils/parser.go:764.57,778.52 2 0
github.com/PratikforCoding/CodeSentry/internal/utils/parser.go:778.52,780.3 1 0
github.com/PratikforCoding/CodeSentry/internal/utils/parser.go:781.2,781.34 1 0
github.com/PratikforCoding/CodeSentry/internal/utils/parser.go:784.50,786.36 2 0
github.com/PratikforCoding/CodeSentry/internal/utils/parser.go:786.36,788.3 1 0
github.com/PratikforCoding/CodeSentry/internal/utils/parser.go:789.2,789.11 1 0
github.com/PratikforCoding/CodeSentry/internal/utils/patterns.go:159.57,203.2 1 0
github.com/PratikforCoding/CodeSentry/pkg/config/config.go:15.21,17.16 2 0
github.com/PratikforCoding/CodeSentry/pkg/config/config.go:17.16,19.3 1 0
github.com/PratikforCoding/CodeSentry/pkg/config/config.go:20.2,24.3 1 0
github.com/PratikforCoding/CodeSentry/pkg/config/config.go:27.46,28.42 1 0
github.com/PratikforCoding/CodeSentry/pkg/config/config.go:28.42,30.3 1 0
github.com/PratikforCoding/CodeSentry/pkg/config/config.go:31.2,31.21 1 0
github.com/PratikforCoding/CodeSentry/api/routes.go:12.32,29.2 7 0
github.com/PratikforCoding/CodeSentry/api/routes.go:29.2,42.3 9 0
github.com/PratikforCoding/CodeSentry/api/routes.go:43.2,43.15 1 0
github.com/PratikforCoding/CodeSentry/cmd/server/main.go:11.13,14.37 3 0
github.com/PratikforCoding/CodeSentry/cmd/server/main.go:14.37,16.3 1 0
github.com/PratikforCoding/CodeSentry/cmd/server/main.go:18.2,20.16 3 0
github.com/PratikforCoding/CodeSentry/cmd/server/main.go:20.16,22.3 1 0
github.com/PratikforCoding/CodeSentry/cmd/server/main.go:24.2,25.47 2 0
github.com/PratikforCoding/CodeSentry/cmd/server/main.go:25.47,27.3 1 0
github.com/PratikforCoding/CodeSentry/internal/database/mongo.go:15.44,20.16 4 0
github.com/PratikforCoding/CodeSentry/internal/database/mongo.go:20.16,23.3 2 0
github.com/PratikforCoding/CodeSentry/internal/database/mongo.go:25.2,25.46 1 0
github.com/PratikforCoding/CodeSentry/internal/database/mongo.go:25.46,28.3 2 0
github.com/PratikforCoding/CodeSentry/internal/database/mongo.go:30.2,32.12 3 0
github.com/PratikforCoding/CodeSentry/internal/handlers/analyses.go:16.95,20.2 1 0
github.com/PratikforCoding/CodeSentry/internal/handlers/analyses.go:22.62,26.2 1 0
github.com/PratikforCoding/CodeSentry/internal/handlers/analyses.go:28.56,33.16 3 0
github.com/PratikforCoding/CodeSentry/internal/handlers/analyses.go:33.16,40.3 2 0
github.com/PratikforCoding/CodeSentry/internal/handlers/analyses.go:42.2,45.4 1 0
github.com/PratikforCoding/CodeSentry/internal/handlers/analyses.go:48.56,52.16 3 0
github.com/PratikforCoding/CodeSentry/internal/handlers/analyses.go:52.16,53.42 1 0
github.com/PratikforCoding/CodeSentry/internal/handlers/analyses.go:53.42,60.4 2 0
github.com/PratikforCoding/CodeSentry/internal/handlers/analyses.go:61.3,61.41 1 0
github.com/PratikforCoding/CodeSentry/internal/handlers/analyses.go:61.41,68.4 2 0
github.com/PratikforCoding/CodeSentry/internal/handlers/analyses.go:69.3,74.9 2 0
github.com/PratikforCoding/CodeSentry/internal/handlers/analyses.go:77.2,77.33 1 0
github.com/PratikforCoding/CodeSentry/internal/handlers/analyses.go:80.59,84.53 3 0
github.com/PratikforCoding/CodeSentry/internal/handlers/analyses.go:84.53,91.3 2 0
github.com/PratikforCoding/CodeSentry/internal/handlers/analyses.go:93.2,94.16 2 0
github.com/PratikforCoding/CodeSentry/internal/handlers/analyses.go:94.16,95.42 1 0
github.com/PratikforCoding/CodeSentry/internal/handlers/analyses.go:95.42,102.4 2 0
github.com/PratikforCoding/CodeSentry/internal/handlers/analyses.go:103.3,103.41 1 0
github.com/PratikforCoding/CodeSentry/internal/handlers/analyses.go:103.41,110.4 2 0
github.com/PratikforCoding/CodeSentry/internal/handlers/analyses.go:111.3,116.9 2 0
github.com/PratikforCoding/CodeSentry/internal/handlers/analyses.go:119.2,121.4 1 0
github.com/PratikforCoding/CodeSentry/internal/handlers/analyses.go:124.59,128.16 3 0
github.com/PratikforCoding/CodeSentry/internal/handlers/analyses.go:128.16,129.42 1 0
github.com/PratikforCoding/CodeSentry/internal/handlers/analyses.go:129.42,136.4 2 0
github.com/PratikforCoding/CodeSentry/internal/handlers/analyses.go:137.3,137.41 1 0
github.com/PratikforCoding/CodeSentry/internal/handlers/analyses.go:137.41,144.4 2 0
github.com/PratikforCoding/CodeSentry/internal/handlers/analyses.go:145.3,150.9 2 0
github.com/PratikforCoding/CodeSentry/internal/handlers/analyses.go:153.2,155.4 1 0
github.com/PratikforCoding/CodeSentry/internal/handlers/analyzer.go:15.62,19.2 1 0
github.com/PratikforCoding/CodeSentry/internal/handlers/analyzer.go:21.56,23.55 2 0
github.com/PratikforCoding/CodeSentry/internal/handlers/analyzer.go:23.55,30.3 2 0
github.com/PratikforCoding/CodeSentry/internal/handlers/analyzer.go:32.2,32.120 1 0
github.com/PratikforCoding/CodeSentry/internal/handlers/analyzer.go:32.120,37.3 4 0
github.com/PratikforCoding/CodeSentry/internal/handlers/analyzer.go:39.2,40.33 2 0
github.com/PratikforCoding/CodeSentry/internal/handlers/analyzer.go:43.62,45.47 2 0
github.com/PratikforCoding/CodeSentry/internal/handlers/analyzer.go:45.47,52.3 2 0
github.com/PratikforCoding/CodeSentry/internal/handlers/analyzer.go:53.2,63.4 3 0
github.com/PratikforCoding/CodeSentry/internal/handlers/analyzer.go:66.60,69.47 2 0
github.com/PratikforCoding/CodeSentry/internal/handlers/analyzer.go:69.47,76.3 2 0
github.com/PratikforCoding/CodeSentry/internal/handlers/analyzer.go:78.2,88.4 6 0
github.com/PratikforCoding/CodeSentry/internal/handlers/analyzer.go:91.57,94.47 2 0
github.com/PratikforCoding/CodeSentry/internal/handlers/analyzer.go:94.47,101.3 2 0
github.com/PratikforCoding/CodeSentry/internal/handlers/analyzer.go:103.2,113.4 6 0
github.com/PratikforCoding/CodeSentry/internal/handlers/analyzer.go:116.66,121.2 2 0
github.com/PratikforCoding/CodeSentry/internal/handlers/health.go:10.34,18.2 2 0
github.com/PratikforCoding/CodeSentry/internal/repository/repository.go:26.68,30.2 1 1
github.com/PratikforCoding/CodeSentry/internal/repository/repository.go:32.106,45.2 4 1
github.com/PratikforCoding/CodeSentry/internal/repository/repository.go:47.90,52.20 3 1
github.com/PratikforCoding/CodeSentry/internal/repository/repository.go:52.20,54.3 1 1
github.com/PratikforCoding/CodeSentry/internal/repository/repository.go:57.2,61.16 4 1
github.com/PratikforCoding/CodeSentry/internal/repository/repository.go:61.16,63.3 1 0
github.com/PratikforCoding/CodeSentry/internal/repository/repository.go:64.2,67.67 3 1
github.com/PratikforCoding/CodeSentry/internal/repository/repository.go:67.67,69.3 1 0
github.com/PratikforCoding/CodeSentry/internal/repository/repository.go:71.2,71.22 1 1
github.com/PratikforCoding/CodeSentry/internal/repository/repository.go:74.83,78.16 3 1
github.com/PratikforCoding/CodeSentry/internal/repository/repository.go:78.16,80.3 1 1
github.com/PratikforCoding/CodeSentry/internal/repository/repository.go:82.2,84.16 3 1
github.com/PratikforCoding/CodeSentry/internal/repository/repository.go:84.16,85.34 1 1
github.com/PratikforCoding/CodeSentry/internal/repository/repository.go:85.34,87.4 1 0
github.com/PratikforCoding/CodeSentry/internal/repository/repository.go:88.3,88.32 1 1
github.com/PratikforCoding/CodeSentry/internal/repository/repository.go:91.2,91.22 1 1
github.com/PratikforCoding/CodeSentry/internal/repository/repository.go:94.103,98.16 3 1
github.com/PratikforCoding/CodeSentry/internal/repository/repository.go:98.16,100.3 1 0
github.com/PratikforCoding/CodeSentry/internal/repository/repository.go:103.2,110.27 2 1
github.com/PratikforCoding/CodeSentry/internal/repository/repository.go:110.27,112.3 1 1
github.com/PratikforCoding/CodeSentry/internal/repository/repository.go:113.2,113.27 1 1
github.com/PratikforCoding/CodeSentry/internal/repository/repository.go:113.27,115.3 1 1
github.com/PratikforCoding/CodeSentry/internal/repository/repository.go:117.2,123.16 2 1
github.com/PratikforCoding/CodeSentry/internal/repository/repository.go:123.16,125.3 1 0
github.com/PratikforCoding/CodeSentry/internal/repository/repository.go:127.2,127.30 1 1
github.com/PratikforCoding/CodeSentry/internal/repository/repository.go:127.30,129.3 1 1
github.com/PratikforCoding/CodeSentry/internal/repository/repository.go:131.2,131.12 1 1
github.com/PratikforCoding/CodeSentry/internal/repository/repository.go:134.63,138.16 3 1
github.com/PratikforCoding/CodeSentry/internal/repository/repository.go:138.16,140.3 1 0
github.com/PratikforCoding/CodeSentry/internal/repository/repository.go:142.2,143.16 2 1
github.com/PratikforCoding/CodeSentry/internal/repository/repository.go:143.16,145.3 1 0
github.com/PratikforCoding/CodeSentry/internal/repository/repository.go:147.2,147.30 1 1
github.com/PratikforCoding/CodeSentry/internal/repository/repository.go:147.30,149.3 1 1
github.com/PratikforCoding/CodeSentry/internal/repository/repository.go:151.2,151.12 1 1
github.com/PratikforCoding/CodeSentry/internal/services/analyzer.go:43.20,51.2 1 0
github.com/PratikforCoding/CodeSentry/internal/services/analyzer.go:57.62,65.2 1 0
github.com/PratikforCoding/CodeSentry/internal/services/analyzer.go:67.91,71.20 2 0
github.com/PratikforCoding/CodeSentry/internal/services/analyzer.go:71.20,74.3 2 0
github.com/PratikforCoding/CodeSentry/internal/services/analyzer.go:76.2,81.33 2 0
github.com/PratikforCoding/CodeSentry/internal/services/analyzer.go:81.33,83.3 1 0
github.com/PratikforCoding/CodeSentry/internal/services/analyzer.go:86.2,86.31 1 0
github.com/PratikforCoding/CodeSentry/internal/services/analyzer.go:86.31,88.3 1 0
github.com/PratikforCoding/CodeSentry/internal/services/analyzer.go:91.2,91.28 1 0
github.com/PratikforCoding/CodeSentry/internal/services/analyzer.go:91.28,93.3 1 0
github.com/PratikforCoding/CodeSentry/internal/services/analyzer.go:96.2,96.30 1 0
github.com/PratikforCoding/CodeSentry/internal/services/analyzer.go:96.30,98.3 1 0
github.com/PratikforCoding/CodeSentry/internal/services/analyzer.go:101.2,105.17 3 0
github.com/PratikforCoding/CodeSentry/internal/services/analyzer.go:108.77,125.29 12 0
github.com/PratikforCoding/CodeSentry/internal/services/analyzer.go:125.29,127.3 1 0
github.com/PratikforCoding/CodeSentry/internal/services/analyzer.go:128.2,147.3 5 0
github.com/PratikforCoding/CodeSentry/internal/services/analyzer.go:150.92,152.35 2 0
github.com/PratikforCoding/CodeSentry/internal/services/analyzer.go:152.35,154.3 1 0
github.com/PratikforCoding/CodeSentry/internal/services/analyzer.go:156.2,156.48 1 0
github.com/PratikforCoding/CodeSentry/internal/services/analyzer.go:156.48,157.25 1 0
github.com/PratikforCoding/CodeSentry/internal/services/analyzer.go:158.19,159.15 1 0
github.com/PratikforCoding/CodeSentry/internal/services/analyzer.go:160.15,161.15 1 0
github.com/PratikforCoding/CodeSentry/internal/services/analyzer.go:162.17,163.14 1 0
github.com/PratikforCoding/CodeSentry/internal/services/analyzer.go:164.14,165.14 1 0
github.com/PratikforCoding/CodeSentry/internal/services/analyzer.go:169.2,169.55 1 0
github.com/PratikforCoding/CodeSentry/internal/services/analyzer.go:169.55,170.30 1 0
github.com/PratikforCoding/CodeSentry/internal/services/analyzer.go:171.18,172.14 1 0
github.com/PratikforCoding/CodeSentry/internal/services/analyzer.go:173.15,174.14 1 0
github.com/PratikforCoding/CodeSentry/internal/services/analyzer.go:178.2,178.15 1 0
github.com/PratikforCoding/CodeSentry/internal/services/analyzer.go:178.15,180.3 1 0
github.com/PratikforCoding/CodeSentry/internal/services/analyzer.go:181.2,181.14 1 0
github.com/PratikforCoding/CodeSentry/internal/services/complexity.go:10.50,12.2 1 0
github.com/PratikforCoding/CodeSentry/internal/services/complexity.go:14.66,21.41 5 0
github.com/PratikforCoding/CodeSentry/internal/services/complexity.go:21.41,22.22 1 0
github.com/PratikforCoding/CodeSentry/internal/services/complexity.go:23.32,24.16 1 0
github.com/PratikforCoding/CodeSentry/internal/services/complexity.go:25.29,26.16 1 0
github.com/PratikforCoding/CodeSentry/internal/services/complexity.go:27.17,28.16 1 0
github.com/PratikforCoding/CodeSentry/internal/services/complexity.go:29.15,30.16 1 0
github.com/PratikforCoding/CodeSentry/internal/services/complexity.go:31.44,32.16 1 0
github.com/PratikforCoding/CodeSentry/internal/services/complexity.go:33.19,34.16 1 0
github.com/PratikforCoding/CodeSentry/internal/services/complexity.go:35.12,36.16 1 0
github.com/PratikforCoding/CodeSentry/internal/services/complexity.go:40.2,40.19 1 0
github.com/PratikforCoding/CodeSentry/internal/services/complexity.go:43.96,47.2 3 0
github.com/PratikforCoding/CodeSentry/internal/services/complexity.go:49.89,55.2 4 0
github.com/PratikforCoding/CodeSentry/internal/services/language_detector.go:11.46,13.2 1 0
github.com/PratikforCoding/CodeSentry/internal/services/language_detector.go:15.73,21.85 4 0
github.com/PratikforCoding/CodeSentry/internal/services/language_detector.go:21.85,23.3 1 0
github.com/PratikforCoding/CodeSentry/internal/services/language_detector.go:25.2,25.111 1 0
github.com/PratikforCoding/CodeSentry/internal/services/language_detector.go:25.111,27.3 1 0
github.com/PratikforCoding/CodeSentry/internal/services/language_detector.go:29.2,29.73 1 0
github.com/PratikforCoding/CodeSentry/internal/services/language_detector.go:29.73,31.3 1 0
github.com/PratikforCoding/CodeSentry/internal/services/language_detector.go:33.2,33.97 1 0
github.com/PratikforCoding/CodeSentry/internal/services/language_detector.go:33.97,35.3 1 0
github.com/PratikforCoding/CodeSentry/internal/services/language_detector.go:37.2,37.74 1 0
github.com/PratikforCoding/CodeSentry/internal/services/language_detector.go:37.74,39.3 1 0
github.com/PratikforCoding/CodeSentry/internal/services/language_detector.go:41.2,42.33 2 0
github.com/PratikforCoding/CodeSentry/internal/services/language_detector.go:42.33,45.3 2 0
github.com/PratikforCoding/CodeSentry/internal/services/language_detector.go:47.2,50.34 4 0
github.com/PratikforCoding/CodeSentry/internal/services/language_detector.go:50.34,51.53 1 0
github.com/PratikforCoding/CodeSentry/internal/services/language_detector.go:51.53,54.4 2 0
github.com/PratikforCoding/CodeSentry/internal/services/language_detector.go:57.2,57.21 1 0
github.com/PratikforCoding/CodeSentry/internal/services/language_detector.go:60.84,64.43 3 0
github.com/PratikforCoding/CodeSentry/internal/services/language_detector.go:64.43,65.40 1 0
github.com/PratikforCoding/CodeSentry/internal/services/language_detector.go:65.40,67.4 1 0
github.com/PratikforCoding/CodeSentry/internal/services/language_detector.go:69.2,69.19 1 0
github.com/PratikforCoding/CodeSentry/internal/services/language_detector.go:72.59,75.2 2 0
github.com/PratikforCoding/CodeSentry/internal/services/language_detector.go:77.93,81.34 4 0
github.com/PratikforCoding/CodeSentry/internal/services/language_detector.go:81.34,82.53 1 0
github.com/PratikforCoding/CodeSentry/internal/services/language_detector.go:82.53,85.4 2 0
github.com/PratikforCoding/CodeSentry/internal/services/language_detector.go:87.2,87.17 1 0
github.com/PratikforCoding/CodeSentry/internal/services/security.go:11.46,13.2 1 0
github.com/PratikforCoding/CodeSentry/internal/services/security.go:15.81,23.47 5 0
github.com/PratikforCoding/CodeSentry/internal/services/security.go:23.47,24.35 1 0
github.com/PratikforCoding/CodeSentry/internal/services/security.go:24.35,34.4 2 0
github.com/PratikforCoding/CodeSentry/internal/services/security.go:37.2,39.15 2 0
github.com/PratikforCoding/CodeSentry/internal/services/security.go:42.93,50.52 2 0
github.com/PratikforCoding/CodeSentry/internal/services/security.go:50.52,52.3 1 0
github.com/PratikforCoding/CodeSentry/internal/services/security.go:53.2,53.63 1 0
github.com/PratikforCoding/CodeSentry/internal/services/security.go:56.78,64.54 2 0
github.com/PratikforCoding/CodeSentry/internal/services/security.go:64.54,66.3 1 0
github.com/PratikforCoding/CodeSentry/internal/services/security.go:67.2,67.17 1 0
github.com/PratikforCoding/CodeSentry/internal/services/security.go:70.88,75.35 3 0
github.com/PratikforCoding/CodeSentry/internal/services/security.go:75.35,76.58 1 0
github.com/PratikforCoding/CodeSentry/internal/services/security.go:76.58,77.33 1 0
github.com/PratikforCoding/CodeSentry/internal/services/security.go:77.33,87.5 2 0
github.com/PratikforCoding/CodeSentry/internal/services/security.go:91.2,91.15 1 0
github.com/PratikforCoding/CodeSentry/internal/services/security.go:94.77,105.53 2 0
github.com/PratikforCoding/CodeSentry/internal/services/security.go:105.53,107.3 1 0
github.com/PratikforCoding/CodeSentry/internal/services/security.go:108.2,108.34 1 0
github.com/PratikforCoding/CodeSentry/internal/services/security.go:111.74,122.55 2 0
github.com/PratikforCoding/CodeSentry/internal/services/security.go:122.55,124.3 1 0
github.com/PratikforCoding/CodeSentry/internal/services/security.go:125.2,125.17 1 0
github.com/PratikforCoding/CodeSentry/internal/services/style.go:13.40,15.2 1 0
github.com/PratikforCoding/CodeSentry/internal/services/style.go:19.77,27.29 5 0
github.com/PratikforCoding/CodeSentry/internal/services/style.go:27.29,29.26 2 0
github.com/PratikforCoding/CodeSentry/internal/services/style.go:29.26,30.23 1 0
github.com/PratikforCoding/CodeSentry/internal/services/style.go:30.23,32.5 1 0
github.com/PratikforCoding/CodeSentry/internal/services/style.go:32.10,32.30 1 0
github.com/PratikforCoding/CodeSentry/internal/services/style.go:32.30,34.5 1 0
github.com/PratikforCoding/CodeSentry/internal/services/style.go:39.2,39.35 1 0
github.com/PratikforCoding/CodeSentry/internal/services/style.go:39.35,40.22 1 0
github.com/PratikforCoding/CodeSentry/internal/services/style.go:40.22,48.4 1 0
github.com/PratikforCoding/CodeSentry/internal/services/style.go:50.3,50.67 1 0
github.com/PratikforCoding/CodeSentry/internal/services/style.go:50.67,58.4 1 0
github.com/PratikforCoding/CodeSentry/internal/services/style.go:60.3,60.65 1 0
github.com/PratikforCoding/CodeSentry/internal/services/style.go:60.65,68.4 1 0
github.com/PratikforCoding/CodeSentry/internal/services/style.go:71.3,71.35 1 0
github.com/PratikforCoding/CodeSentry/internal/services/style.go:71.35,73.27 2 0
github.com/PratikforCoding/CodeSentry/internal/services/style.go:73.27,74.43 1 0
github.com/PratikforCoding/CodeSentry/internal/services/style.go:74.43,82.11 2 0
github.com/PratikforCoding/CodeSentry/internal/services/style.go:88.2,88.20 1 0
github.com/PratikforCoding/CodeSentry/internal/services/style.go:91.33,93.2 1 0
github.com/PratikforCoding/CodeSentry/internal/services/style.go:95.33,96.30 1 0
github.com/PratikforCoding/CodeSentry/internal/services/style.go:96.30,98.3 1 0
github.com/PratikforCoding/CodeSentry/internal/services/style.go:99.2,99.22 1 0
github.com/PratikforCoding/CodeSentry/internal/services/style.go:99.22,100.27 1 0
github.com/PratikforCoding/CodeSentry/internal/services/style.go:100.27,102.4 1 0
github.com/PratikforCoding/CodeSentry/internal/services/style.go:104.2,104.14 1 0
github.com/PratikforCoding/CodeSentry/internal/utils/keywords.go:5.46,76.35 2 0
github.com/PratikforCoding/CodeSentry/internal/utils/keywords.go:76.35,77.39 1 0
github.com/PratikforCoding/CodeSentry/internal/utils/keywords.go:77.39,79.4 1 0
github.com/PratikforCoding/CodeSentry/internal/utils/keywords.go:81.2,81.14 1 0
github.com/PratikforCoding/CodeSentry/internal/utils/parser.go:18.37,25.2 1 0
github.com/PratikforCoding/CodeSentry/internal/utils/parser.go:27.44,31.34 3 0
github.com/PratikforCoding/CodeSentry/internal/utils/parser.go:31.34,35.19 2 0
github.com/PratikforCoding/CodeSentry/internal/utils/parser.go:35.19,38.12 3 0
github.com/PratikforCoding/CodeSentry/internal/utils/parser.go:42.3,42.28 1 0
github.com/PratikforCoding/CodeSentry/internal/utils/parser.go:42.28,44.12 2 0
github.com/PratikforCoding/CodeSentry/internal/utils/parser.go:48.3,48.38 1 0
github.com/PratikforCoding/CodeSentry/internal/utils/parser.go:48.38,50.25 1 0
github.com/PratikforCoding/CodeSentry/internal/utils/parser.go:50.25,53.44 3 0
github.com/PratikforCoding/CodeSentry/internal/utils/parser.go:53.44,55.6 1 0
github.com/PratikforCoding/CodeSentry/internal/utils/parser.go:56.5,59.13 4 0
github.com/PratikforCoding/CodeSentry/internal/utils/parser.go:62.4,62.25 1 0
github.com/PratikforCoding/CodeSentry/internal/utils/parser.go:62.25,68.26 5 0
github.com/PratikforCoding/CodeSentry/internal/utils/parser.go:68.26,69.46 1 0
github.com/PratikforCoding/CodeSentry/internal/utils/parser.go:69.46,71.12 2 0
github.com/PratikforCoding/CodeSentry/internal/utils/parser.go:73.6,73.26 1 0
github.com/PratikforCoding/CodeSentry/internal/utils/parser.go:73.26,76.7 2 0
github.com/PratikforCoding/CodeSentry/internal/utils/parser.go:76.12,78.7 1 0
github.com/PratikforCoding/CodeSentry/internal/utils/parser.go:79.6,79.9 1 0
github.com/PratikforCoding/CodeSentry/internal/utils/parser.go:81.5,83.13 3 0
github.com/PratikforCoding/CodeSentry/internal/utils/parser.go:88.3,88.18 1 0
github.com/PratikforCoding/CodeSentry/internal/utils/parser.go:88.18,91.43 3 0
github.com/PratikforCoding/CodeSentry/internal/utils/parser.go:91.43,93.5 1 0
github.com/PratikforCoding/CodeSentry/internal/utils/parser.go:94.4,97.12 4 0
github.com/PratikforCoding/CodeSentry/internal/utils/parser.go:101.3,101.34 1 0
github.com/PratikforCoding/CodeSentry/internal/utils/parser.go:101.34,107.44 5 0
github.com/PratikforCoding/CodeSentry/internal/utils/parser.go:107.44,108.45 1 0
github.com/PratikforCoding/CodeSentry/internal/utils/parser.go:108.45,110.6 1 0
github.com/PratikforCoding/CodeSentry/internal/utils/parser.go:110.11,111.26 1 0
github.com/PratikforCoding/CodeSentry/internal/utils/parser.go:111.26,114.7 2 0
github.com/PratikforCoding/CodeSentry/internal/utils/parser.go:114.12,116.7 1 0
github.com/PratikforCoding/CodeSentry/internal/utils/parser.go:117.6,117.9 1 0
github.com/PratikforCoding/CodeSentry/internal/utils/parser.go:121.4,121.22 1 0
github.com/PratikforCoding/CodeSentry/internal/utils/parser.go:121.22,123.5 1 0
github.com/PratikforCoding/CodeSentry/internal/utils/parser.go:125.4,127.12 3 0
github.com/PratikforCoding/CodeSentry/internal/utils/parser.go:131.3,131.96 1 0
github.com/PratikforCoding/CodeSentry/internal/utils/parser.go:131.96,136.39 3 0
github.com/PratikforCoding/CodeSentry/internal/utils/parser.go:136.39,138.35 2 0
github.com/PratikforCoding/CodeSentry/internal/utils/parser.go:138.35,143.45 2 0
github.com/PratikforCoding/CodeSentry/internal/utils/parser.go:143.45,145.7 1 0
github.com/PratikforCoding/CodeSentry/internal/utils/parser.go:146.11,146.42 1 0
github.com/PratikforCoding/CodeSentry/internal/utils/parser.go:146.42,149.65 2 0
github.com/PratikforCoding/CodeSentry/internal/utils/parser.go:149.65,151.7 1 0
github.com/PratikforCoding/CodeSentry/internal/utils/parser.go:152.11,152.42 1 0
github.com/PratikforCoding/CodeSentry/internal/utils/parser.go:152.42,155.63 2 0
github.com/PratikforCoding/CodeSentry/internal/utils/parser.go:155.63,157.7 1 0
github.com/PratikforCoding/CodeSentry/internal/utils/parser.go:161.4,161.51 1 0
github.com/PratikforCoding/CodeSentry/internal/utils/parser.go:161.51,164.74 2 0
github.com/PratikforCoding/CodeSentry/internal/utils/parser.go:164.74,165.25 1 0
github.com/PratikforCoding/CodeSentry/internal/utils/parser.go:165.25,166.17 1 0
github.com/PratikforCoding/CodeSentry/internal/utils/parser.go:166.17,167.13 1 0
github.com/PratikforCoding/CodeSentry/internal/utils/parser.go:169.7,169.20 1 0
github.com/PratikforCoding/CodeSentry/internal/utils/parser.go:171.6,171.9 1 0
github.com/PratikforCoding/CodeSentry/internal/utils/parser.go:175.5,175.63 1 0
github.com/PratikforCoding/CodeSentry/internal/utils/parser.go:175.63,177.64 2 0
github.com/PratikforCoding/CodeSentry/internal/utils/parser.go:177.64,179.7 1 0
github.com/PratikforCoding/CodeSentry/internal/utils/parser.go:180.6,180.54 1 0
github.com/PratikforCoding/CodeSentry/internal/utils/parser.go:180.54,182.7 1 0
github.com/PratikforCoding/CodeSentry/internal/utils/parser.go:186.4,189.12 4 0
github.com/PratikforCoding/CodeSentry/internal/utils/parser.go:193.3,193.44 1 0
github.com/PratikforCoding/CodeSentry/internal/utils/parser.go:193.44,198.51 3 0
github.com/PratikforCoding/CodeSentry/internal/utils/parser.go:198.51,200.5 1 0
github.com/PratikforCoding/CodeSentry/internal/utils/parser.go:202.4,204.25 2 0
github.com/PratikforCoding/CodeSentry/internal/utils/parser.go:204.25,206.5 1 0
github.com/PratikforCoding/CodeSentry/internal/utils/parser.go:206.10,208.5 1 0
github.com/PratikforCoding/CodeSentry/internal/utils/parser.go:210.4,212.12 3 0
github.com/PratikforCoding/CodeSentry/internal/utils/parser.go:216.3,217.25 2 0
github.com/PratikforCoding/CodeSentry/internal/utils/parser.go:217.25,219.24 1 0
github.com/PratikforCoding/CodeSentry/internal/utils/parser.go:219.24,221.39 2 0
github.com/PratikforCoding/CodeSentry/internal/utils/parser.go:221.39,225.14 4 0
github.com/PratikforCoding/CodeSentry/internal/utils/parser.go:228.4,228.75 1 0
github.com/PratikforCoding/CodeSentry/internal/utils/parser.go:229.9,229.33 1 0
github.com/PratikforCoding/CodeSentry/internal/utils/parser.go:229.33,231.4 1 0
github.com/PratikforCoding/CodeSentry/internal/utils/parser.go:231.9,233.4 1 0
github.com/PratikforCoding/CodeSentry/internal/utils/parser.go:235.3,235.13 1 0
github.com/PratikforCoding/CodeSentry/internal/utils/parser.go:238.2,238.17 1 0
github.com/PratikforCoding/CodeSentry/internal/utils/parser.go:241.99,249.2 2 0
github.com/PratikforCoding/CodeSentry/internal/utils/parser.go:251.54,258.35 2 0
github.com/PratikforCoding/CodeSentry/internal/utils/parser.go:258.35,259.16 1 0
github.com/PratikforCoding/CodeSentry/internal/utils/parser.go:259.16,261.4 1 0
github.com/PratikforCoding/CodeSentry/internal/utils/parser.go:263.2,263.14 1 0
github.com/PratikforCoding/CodeSentry/internal/utils/parser.go:266.69,273.2 1 0
github.com/PratikforCoding/CodeSentry/internal/utils/parser.go:275.45,278.2 2 0
github.com/PratikforCoding/CodeSentry/internal/utils/parser.go:280.46,283.2 2 0
github.com/PratikforCoding/CodeSentry/internal/utils/parser.go:285.58,289.49 2 0
github.com/PratikforCoding/CodeSentry/internal/utils/parser.go:289.49,291.3 1 0
github.com/PratikforCoding/CodeSentry/internal/utils/parser.go:293.2,296.29 3 0
github.com/PratikforCoding/CodeSentry/internal/utils/parser.go:296.29,299.20 2 0
github.com/PratikforCoding/CodeSentry/internal/utils/parser.go:299.20,301.12 2 0
github.com/PratikforCoding/CodeSentry/internal/utils/parser.go:305.3,305.57 1 0
github.com/PratikforCoding/CodeSentry/internal/utils/parser.go:305.57,307.4 1 0
github.com/PratikforCoding/CodeSentry/internal/utils/parser.go:308.3,308.56 1 0
github.com/PratikforCoding/CodeSentry/internal/utils/parser.go:308.56,312.73 3 0
github.com/PratikforCoding/CodeSentry/internal/utils/parser.go:312.73,314.13 2 0
github.com/PratikforCoding/CodeSentry/internal/utils/parser.go:317.3,317.21 1 0
github.com/PratikforCoding/CodeSentry/internal/utils/parser.go:317.21,319.12 2 0
github.com/PratikforCoding/CodeSentry/internal/utils/parser.go:323.3,323.74 1 0
github.com/PratikforCoding/CodeSentry/internal/utils/parser.go:323.74,325.4 1 0
github.com/PratikforCoding/CodeSentry/internal/utils/parser.go:327.2,327.30 1 0
github.com/PratikforCoding/CodeSentry/internal/utils/parser.go:330.77,332.33 2 0
github.com/PratikforCoding/CodeSentry/internal/utils/parser.go:332.33,333.30 1 0
github.com/PratikforCoding/CodeSentry/internal/utils/parser.go:333.30,335.4 1 0
github.com/PratikforCoding/CodeSentry/internal/utils/parser.go:337.2,337.15 1 0
github.com/PratikforCoding/CodeSentry/internal/utils/parser.go:340.64,342.33 2 0
github.com/PratikforCoding/CodeSentry/internal/utils/parser.go:342.33,343.44 1 0
github.com/PratikforCoding/CodeSentry/internal/utils/parser.go:343.44,345.4 1 0
github.com/PratikforCoding/CodeSentry/internal/utils/parser.go:347.2,347.15 1 0
github.com/PratikforCoding/CodeSentry/internal/utils/parser.go:350.65,352.2 1 0
github.com/PratikforCoding/CodeSentry/internal/utils/parser.go:354.51,357.33 3 0
github.com/PratikforCoding/CodeSentry/internal/utils/parser.go:357.33,358.46 1 0
github.com/PratikforCoding/CodeSentry/internal/utils/parser.go:358.46,360.4 1 0
github.com/PratikforCoding/CodeSentry/internal/utils/parser.go:362.2,362.14 1 0
github.com/PratikforCoding/CodeSentry/internal/utils/parser.go:365.55,372.45 3 0
github.com/PratikforCoding/CodeSentry/internal/utils/parser.go:372.45,374.3 1 0
github.com/PratikforCoding/CodeSentry/internal/utils/parser.go:377.2,378.31 2 0
github.com/PratikforCoding/CodeSentry/internal/utils/parser.go:378.31,379.62 1 0
github.com/PratikforCoding/CodeSentry/internal/utils/parser.go:379.62,381.4 1 0
github.com/PratikforCoding/CodeSentry/internal/utils/parser.go:384.2,384.15 1 0
github.com/PratikforCoding/CodeSentry/internal/utils/parser.go:387.77,393.9 5 0
github.com/PratikforCoding/CodeSentry/internal/utils/parser.go:393.9,396.3 1 0
github.com/PratikforCoding/CodeSentry/internal/utils/parser.go:398.2,398.35 1 0
github.com/PratikforCoding/CodeSentry/internal/utils/parser.go:398.35,400.33 2 0
github.com/PratikforCoding/CodeSentry/internal/utils/parser.go:400.33,404.28 3 0
github.com/PratikforCoding/CodeSentry/internal/utils/parser.go:404.28,405.13 1 0
github.com/PratikforCoding/CodeSentry/internal/utils/parser.go:407.4,418.34 5 0
github.com/PratikforCoding/CodeSentry/internal/utils/parser.go:422.2,422.15 1 0
github.com/PratikforCoding/CodeSentry/internal/utils/parser.go:425.61,426.26 1 0
github.com/PratikforCoding/CodeSentry/internal/utils/parser.go:426.26,427.16 1 0
github.com/PratikforCoding/CodeSentry/internal/utils/parser.go:427.16,429.4 1 0
github.com/PratikforCoding/CodeSentry/internal/utils/parser.go:431.2,431.14 1 0
github.com/PratikforCoding/CodeSentry/internal/utils/parser.go:434.69,438.50 2 0
github.com/PratikforCoding/CodeSentry/internal/utils/parser.go:438.50,440.33 2 0
github.com/PratikforCoding/CodeSentry/internal/utils/parser.go:440.33,441.22 1 0
github.com/PratikforCoding/CodeSentry/internal/utils/parser.go:441.22,444.25 2 0
github.com/PratikforCoding/CodeSentry/internal/utils/parser.go:444.25,453.6 3 0
github.com/PratikforCoding/CodeSentry/internal/utils/parser.go:459.2,470.58 2 0
github.com/PratikforCoding/CodeSentry/internal/utils/parser.go:470.58,471.36 1 0
github.com/PratikforCoding/CodeSentry/internal/utils/parser.go:471.36,473.33 2 0
github.com/PratikforCoding/CodeSentry/internal/utils/parser.go:473.33,475.41 1 0
github.com/PratikforCoding/CodeSentry/internal/utils/parser.go:475.41,477.6 1 0
github.com/PratikforCoding/CodeSentry/internal/utils/parser.go:482.2,482.15 1 0
github.com/PratikforCoding/CodeSentry/internal/utils/parser.go:485.68,488.26 3 0
github.com/PratikforCoding/CodeSentry/internal/utils/parser.go:488.26,490.3 1 0
github.com/PratikforCoding/CodeSentry/internal/utils/parser.go:491.2,491.33 1 0
github.com/PratikforCoding/CodeSentry/internal/utils/parser.go:491.33,492.37 1 0
github.com/PratikforCoding/CodeSentry/internal/utils/parser.go:492.37,493.23 1 0
github.com/PratikforCoding/CodeSentry/internal/utils/parser.go:494.23,496.32 2 0
github.com/PratikforCoding/CodeSentry/internal/utils/parser.go:496.32,498.6 1 0
github.com/PratikforCoding/CodeSentry/internal/utils/parser.go:499.23,500.25 1 0
github.com/PratikforCoding/CodeSentry/internal/utils/parser.go:500.25,502.6 1 0
github.com/PratikforCoding/CodeSentry/internal/utils/parser.go:507.2,507.17 1 0
github.com/PratikforCoding/CodeSentry/internal/utils/parser.go:510.48,514.29 3 0
github.com/PratikforCoding/CodeSentry/internal/utils/parser.go:514.29,515.36 1 0
github.com/PratikforCoding/CodeSentry/internal/utils/parser.go:515.36,516.12 1 0
github.com/PratikforCoding/CodeSentry/internal/utils/parser.go:520.3,521.29 2 0
github.com/PratikforCoding/CodeSentry/internal/utils/parser.go:521.29,522.19 1 0
github.com/PratikforCoding/CodeSentry/internal/utils/parser.go:522.19,524.5 1 0
github.com/PratikforCoding/CodeSentry/internal/utils/parser.go:524.10,524.27 1 0
github.com/PratikforCoding/CodeSentry/internal/utils/parser.go:524.27,526.5 1 0
github.com/PratikforCoding/CodeSentry/internal/utils/parser.go:526.10,527.10 1 0
github.com/PratikforCoding/CodeSentry/internal/utils/parser.go:532.3,533.23 2 0
github.com/PratikforCoding/CodeSentry/internal/utils/parser.go:533.23,535.4 1 0
github.com/PratikforCoding/CodeSentry/internal/utils/parser.go:538.2,538.17 1 0
github.com/PratikforCoding/CodeSentry/internal/utils/parser.go:541.61,546.33 4 0
github.com/PratikforCoding/CodeSentry/internal/utils/parser.go:546.33,547.44 1 0
github.com/PratikforCoding/CodeSentry/internal/utils/parser.go:547.44,548.51 1 0
github.com/PratikforCoding/CodeSentry/internal/utils/parser.go:548.51,550.10 2 0
github.com/PratikforCoding/CodeSentry/internal/utils/parser.go:555.2,555.14 1 0
github.com/PratikforCoding/CodeSentry/internal/utils/parser.go:558.55,561.46 3 0
github.com/PratikforCoding/CodeSentry/internal/utils/parser.go:561.46,562.24 1 0
github.com/PratikforCoding/CodeSentry/internal/utils/parser.go:562.24,565.4 2 0
github.com/PratikforCoding/CodeSentry/internal/utils/parser.go:565.9,567.4 1 0
github.com/PratikforCoding/CodeSentry/internal/utils/parser.go:569.2,569.18 1 0
github.com/PratikforCoding/CodeSentry/internal/utils/parser.go:594.74,597.34 2 0
github.com/PratikforCoding/CodeSentry/internal/utils/parser.go:597.34,609.41 3 0
github.com/PratikforCoding/CodeSentry/internal/utils/parser.go:609.41,610.84 1 0
github.com/PratikforCoding/CodeSentry/internal/utils/parser.go:610.84,612.5 1 0
github.com/PratikforCoding/CodeSentry/internal/utils/parser.go:613.4,613.84 1 0
github.com/PratikforCoding/CodeSentry/internal/utils/parser.go:613.84,615.5 1 0
github.com/PratikforCoding/CodeSentry/internal/utils/parser.go:618.2,618.14 1 0
github.com/PratikforCoding/CodeSentry/internal/utils/parser.go:621.46,639.44 4 0
github.com/PratikforCoding/CodeSentry/internal/utils/parser.go:639.44,640.50 1 0
github.com/PratikforCoding/CodeSentry/internal/utils/parser.go:640.50,642.4 1 0
github.com/PratikforCoding/CodeSentry/internal/utils/parser.go:642.9,644.4 1 0
github.com/PratikforCoding/CodeSentry/internal/utils/parser.go:647.2,647.14 1 0
github.com/PratikforCoding/CodeSentry/internal/utils/parser.go:650.84,676.44 4 0
github.com/PratikforCoding/CodeSentry/internal/utils/parser.go:676.44,677.52 1 0
github.com/PratikforCoding/CodeSentry/internal/utils/parser.go:677.52,679.4 1 0
github.com/PratikforCoding/CodeSentry/internal/utils/parser.go:679.9,681.4 1 0
github.com/PratikforCoding/CodeSentry/internal/utils/parser.go:684.2,684.15 1 0
github.com/PratikforCoding/CodeSentry/internal/utils/parser.go:687.53,697.39 3 0
github.com/PratikforCoding/CodeSentry/internal/utils/parser.go:697.39,699.33 2 0
github.com/PratikforCoding/CodeSentry/internal/utils/parser.go:699.33,702.21 2 0
github.com/PratikforCoding/CodeSentry/internal/utils/parser.go:702.21,704.5 1 0
github.com/PratikforCoding/CodeSentry/internal/utils/parser.go:708.2,708.19 1 0
github.com/PratikforCoding/CodeSentry/internal/utils/parser.go:711.61,714.50 2 0
github.com/PratikforCoding/CodeSentry/internal/utils/parser.go:714.50,716.33 2 0
github.com/PratikforCoding/CodeSentry/internal/utils/parser.go:716.33,717.23 1 0
github.com/PratikforCoding/CodeSentry/internal/utils/parser.go:717.23,728.5 3 0
github.com/PratikforCoding/CodeSentry/internal/utils/parser.go:732.2,732.17 1 0
github.com/PratikforCoding/CodeSentry/internal/utils/parser.go:744.54,758.55 2 0
github.com/PratikforCoding/CodeSentry/internal/utils/parser.go:758.55,760.3 1 0
github.com/PratikforCoding/CodeSentry/internal/utils/parser.go:761.2,761.14 1 0
github.com/PratikforCoding/CodeSentry/internal/utils/parser.go:764.57,778.52 2 0
github.com/PratikforCoding/CodeSentry/internal/utils/parser.go:778.52,780.3 1 0
github.com/PratikforCoding/CodeSentry/internal/utils/parser.go:781.2,781.34 1 0
github.com/PratikforCoding/CodeSentry/internal/utils/parser.go:784.50,786.36 2 0
github.com/PratikforCoding/CodeSentry/internal/utils/parser.go:786.36,788.3 1 0
github.com/PratikforCoding/CodeSentry/internal/utils/parser.go:789.2,789.11 1 0
github.com/PratikforCoding/CodeSentry/internal/utils/patterns.go:159.57,203.2 1 0
github.com/PratikforCoding/CodeSentry/pkg/config/config.go:15.21,17.16 2 0
github.com/PratikforCoding/CodeSentry/pkg/config/config.go:17.16,19.3 1 0
github.com/PratikforCoding/CodeSentry/pkg/config/config.go:20.2,24.3 1 0
github.com/PratikforCoding/CodeSentry/pkg/config/config.go:27.46,28.42 1 0
github.com/PratikforCoding/CodeSentry/pkg/config/config.go:28.42,30.3 1 0
github.com/PratikforCoding/CodeSentry/pkg/config/config.go:31.2,31.21 1 0
github.com/PratikforCoding/CodeSentry/api/routes.go:12.32,29.2 7 0
github.com/PratikforCoding/CodeSentry/api/routes.go:29.2,42.3 9 0
github.com/PratikforCoding/CodeSentry/api/routes.go:43.2,43.15 1 0
github.com/PratikforCoding/CodeSentry/cmd/server/main.go:11.13,14.37 3 0
github.com/PratikforCoding/CodeSentry/cmd/server/main.go:14.37,16.3 1 0
github.com/PratikforCoding/CodeSentry/cmd/server/main.go:18.2,20.16 3 0
github.com/PratikforCoding/CodeSentry/cmd/server/main.go:20.16,22.3 1 0
github.com/PratikforCoding/CodeSentry/cmd/server/main.go:24.2,25.47 2 0
github.com/PratikforCoding/CodeSentry/cmd/server/main.go:25.47,27.3 1 0
github.com/PratikforCoding/CodeSentry/internal/database/mongo.go:15.44,20.16 4 0
github.com/PratikforCoding/CodeSentry/internal/database/mongo.go:20.16,23.3 2 0
github.com/PratikforCoding/CodeSentry/internal/database/mongo.go:25.2,25.46 1 0
github.com/PratikforCoding/CodeSentry/internal/database/mongo.go:25.46,28.3 2 0
github.com/PratikforCoding/CodeSentry/internal/database/mongo.go:30.2,32.12 3 0
github.com/PratikforCoding/CodeSentry/internal/handlers/analyses.go:16.95,20.2 1 0
github.com/PratikforCoding/CodeSentry/internal/handlers/analyses.go:22.62,26.2 1 0
github.com/PratikforCoding/CodeSentry/internal/handlers/analyses.go:28.56,33.16 3 0
github.com/PratikforCoding/CodeSentry/internal/handlers/analyses.go:33.16,40.3 2 0
github.com/PratikforCoding/CodeSentry/internal/handlers/analyses.go:42.2,45.4 1 0
github.com/PratikforCoding/CodeSentry/internal/handlers/analyses.go:48.56,52.16 3 0
github.com/PratikforCoding/CodeSentry/internal/handlers/analyses.go:52.16,53.42 1 0
github.com/PratikforCoding/CodeSentry/internal/handlers/analyses.go:53.42,60.4 2 0
github.com/PratikforCoding/CodeSentry/internal/handlers/analyses.go:61.3,61.41 1 0
github.com/PratikforCoding/CodeSentry/internal/handlers/analyses.go:61.41,68.4 2 0
github.com/PratikforCoding/CodeSentry/internal/handlers/analyses.go:69.3,74.9 2 0
github.com/PratikforCoding/CodeSentry/internal/handlers/analyses.go:77.2,77.33 1 0
github.com/PratikforCoding/CodeSentry/internal/handlers/analyses.go:80.59,84.53 3 0
github.com/PratikforCoding/CodeSentry/internal/handlers/analyses.go:84.53,91.3 2 0
github.com/PratikforCoding/CodeSentry/internal/handlers/analyses.go:93.2,94.16 2 0
github.com/PratikforCoding/CodeSentry/internal/handlers/analyses.go:94.16,95.42 1 0
github.com/PratikforCoding/CodeSentry/internal/handlers/analyses.go:95.42,102.4 2 0
github.com/PratikforCoding/CodeSentry/internal/handlers/analyses.go:103.3,103.41 1 0
github.com/PratikforCoding/CodeSentry/internal/handlers/analyses.go:103.41,110.4 2 0
github.com/PratikforCoding/CodeSentry/internal/handlers/analyses.go:111.3,116.9 2 0
github.com/PratikforCoding/CodeSentry/internal/handlers/analyses.go:119.2,121.4 1 0
github.com/PratikforCoding/CodeSentry/internal/handlers/analyses.go:124.59,128.16 3 0
github.com/PratikforCoding/CodeSentry/internal/handlers/analyses.go:128.16,129.42 1 0
github.com/PratikforCoding/CodeSentry/internal/handlers/analyses.go:129.42,136.4 2 0
github.com/PratikforCoding/CodeSentry/internal/handlers/analyses.go:137.3,137.41 1 0
github.com/PratikforCoding/CodeSentry/internal/handlers/analyses.go:137.41,144.4 2 0
github.com/PratikforCoding/CodeSentry/internal/handlers/analyses.go:145.3,150.9 2 0
github.com/PratikforCoding/CodeSentry/internal/handlers/analyses.go:153.2,155.4 1 0
github.com/PratikforCoding/CodeSentry/internal/handlers/analyzer.go:15.62,19.2 1 0
github.com/PratikforCoding/CodeSentry/internal/handlers/analyzer.go:21.56,23.55 2 0
github.com/PratikforCoding/CodeSentry/internal/handlers/analyzer.go:23.55,30.3 2 0
github.com/PratikforCoding/CodeSentry/internal/handlers/analyzer.go:32.2,32.120 1 0
github.com/PratikforCoding/CodeSentry/internal/handlers/analyzer.go:32.120,37.3 4 0
github.com/PratikforCoding/CodeSentry/internal/handlers/analyzer.go:39.2,40.33 2 0
github.com/PratikforCoding/CodeSentry/internal/handlers/analyzer.go:43.62,45.47 2 0
github.com/PratikforCoding/CodeSentry/internal/handlers/analyzer.go:45.47,52.3 2 0
github.com/PratikforCoding/CodeSentry/internal/handlers/analyzer.go:53.2,63.4 3 0
github.com/PratikforCoding/CodeSentry/internal/handlers/analyzer.go:66.60,69.47 2 0
github.com/PratikforCoding/CodeSentry/internal/handlers/analyzer.go:69.47,76.3 2 0
github.com/PratikforCoding/CodeSentry/internal/handlers/analyzer.go:78.2,88.4 6 0
github.com/PratikforCoding/CodeSentry/internal/handlers/analyzer.go:91.57,94.47 2 0
github.com/PratikforCoding/CodeSentry/internal/handlers/analyzer.go:94.47,101.3 2 0
github.com/PratikforCoding/CodeSentry/internal/handlers/analyzer.go:103.2,113.4 6 0
github.com/PratikforCoding/CodeSentry/internal/handlers/analyzer.go:116.66,121.2 2 0
github.com/PratikforCoding/CodeSentry/internal/handlers/health.go:10.34,18.2 2 0
github.com/PratikforCoding/CodeSentry/internal/repository/repository.go:26.68,30.2 1 0
github.com/PratikforCoding/CodeSentry/internal/repository/repository.go:32.106,45.2 4 0
github.com/PratikforCoding/CodeSentry/internal/repository/repository.go:47.90,52.20 3 0
github.com/PratikforCoding/CodeSentry/internal/repository/repository.go:52.20,54.3 1 0
github.com/PratikforCoding/CodeSentry/internal/repository/repository.go:57.2,61.16 4 0
github.com/PratikforCoding/CodeSentry/internal/repository/repository.go:61.16,63.3 1 0
github.com/PratikforCoding/CodeSentry/internal/repository/repository.go:64.2,67.67 3 0
github.com/PratikforCoding/CodeSentry/internal/repository/repository.go:67.67,69.3 1 0
github.com/PratikforCoding/CodeSentry/internal/repository/repository.go:71.2,71.22 1 0
github.com/PratikforCoding/CodeSentry/internal/repository/repository.go:74.83,78.16 3 0
github.com/PratikforCoding/CodeSentry/internal/repository/repository.go:78.16,80.3 1 0
github.com/PratikforCoding/CodeSentry/internal/repository/repository.go:82.2,84.16 3 0
github.com/PratikforCoding/CodeSentry/internal/repository/repository.go:84.16,85.34 1 0
github.com/PratikforCoding/CodeSentry/internal/repository/repository.go:85.34,87.4 1 0
github.com/PratikforCoding/CodeSentry/internal/repository/repository.go:88.3,88.32 1 0
github.com/PratikforCoding/CodeSentry/internal/repository/repository.go:91.2,91.22 1 0
github.com/PratikforCoding/CodeSentry/internal/repository/repository.go:94.103,98.16 3 0
github.com/PratikforCoding/CodeSentry/internal/repository/repository.go:98.16,100.3 1 0
github.com/PratikforCoding/CodeSentry/internal/repository/repository.go:103.2,110.27 2 0
github.com/PratikforCoding/CodeSentry/internal/repository/repository.go:110.27,112.3 1 0
github.com/PratikforCoding/CodeSentry/internal/repository/repository.go:113.2,113.27 1 0
github.com/PratikforCoding/CodeSentry/internal/repository/repository.go:113.27,115.3 1 0
github.com/PratikforCoding/CodeSentry/internal/repository/repository.go:117.2,123.16 2 0
github.com/PratikforCoding/CodeSentry/internal/repository/repository.go:123.16,125.3 1 0
github.com/PratikforCoding/CodeSentry/internal/repository/repository.go:127.2,127.30 1 0
github.com/PratikforCoding/CodeSentry/internal/repository/repository.go:127.30,129.3 1 0
github.com/PratikforCoding/CodeSentry/internal/repository/repository.go:131.2,131.12 1 0
github.com/PratikforCoding/CodeSentry/internal/repository/repository.go:134.63,138.16 3 0
github.com/PratikforCoding/CodeSentry/internal/repository/repository.go:138.16,140.3 1 0
github.com/PratikforCoding/CodeSentry/internal/repository/repository.go:142.2,143.16 2 0
github.com/PratikforCoding/CodeSentry/internal/repository/repository.go:143.16,145.3 1 0
github.com/PratikforCoding/CodeSentry/internal/repository/repository.go:147.2,147.30 1 0
github.com/PratikforCoding/CodeSentry/internal/repository/repository.go:147.30,149.3 1 0
github.com/PratikforCoding/CodeSentry/internal/repository/repository.go:151.2,151.12 1 0
github.com/PratikforCoding/CodeSentry/internal/services/analyzer.go:43.20,51.2 1 0
github.com/PratikforCoding/CodeSentry/internal/services/analyzer.go:57.62,65.2 1 0
github.com/PratikforCoding/CodeSentry/internal/services/analyzer.go:67.91,71.20 2 0
github.com/PratikforCoding/CodeSentry/internal/services/analyzer.go:71.20,74.3 2 0
github.com/PratikforCoding/CodeSentry/internal/services/analyzer.go:76.2,81.33 2 0
github.com/PratikforCoding/CodeSentry/internal/services/analyzer.go:81.33,83.3 1 0
github.com/PratikforCoding/CodeSentry/internal/services/analyzer.go:86.2,86.31 1 0
[...]
github.com/PratikforCoding/CodeSentry/internal/services/security.go:111.74,122.55 2 0
github.com/PratikforCoding/CodeSentry/internal/services/security.go:122.55,124.3 1 0
github.com/PratikforCoding/CodeSentry/internal/services/security.go:125.2,125.17 1 0
github.com/PratikforCoding/CodeSentry/internal/services/style.go:13.40,15.2 1 0
github.com/PratikforCoding/CodeSentry/internal/services/style.go:19.77,27.29 5 0
github.com/PratikforCoding/CodeSentry/internal/services/style.go:27.29,29.26 2 0
github.com/PratikforCoding/CodeSentry/internal/services/style.go:29.26,30.23 1 0
github.com/PratikforCoding/CodeSentry/internal/services/style.go:30.23,32.5 1 0
github.com/PratikforCoding/CodeSentry/internal/services/style.go:32.10,32.30 1 0
github.com/PratikforCoding/CodeSentry/internal/services/style.go:32.30,34.5 1 0
github.com/PratikforCoding/CodeSentry/internal/services/style.go:39.2,39.35 1 0
github.com/PratikforCoding/CodeSentry/internal/services/style.go:39.35,40.22 1 0
github.com/PratikforCoding/CodeSentry/internal/services/style.go:40.22,48.4 1 0
github.com/PratikforCoding/CodeSentry/internal/services/style.go:50.3,50.67 1 0
github.com/PratikforCoding/CodeSentry/internal/services/style.go:50.67,58.4 1 0
github.com/PratikforCoding/CodeSentry/internal/services/style.go:60.3,60.65 1 0
github.com/PratikforCoding/CodeSentry/internal/services/style.go:60.65,68.4 1 0
github.com/PratikforCoding/CodeSentry/internal/services/style.go:71.3,71.35 1 0
github.com/PratikforCoding/CodeSentry/internal/services/style.go:71.35,73.27 2 0
github.com/PratikforCoding/CodeSentry/internal/services/style.go:73.27,74.43 1 0
github.com/PratikforCoding/CodeSentry/internal/services/style.go:74.43,82.11 2 0
github.com/PratikforCoding/CodeSentry/internal/services/style.go:88.2,88.20 1 0
github.com/PratikforCoding/CodeSentry/internal/services/style.go:91.33,93.2 1 0
github.com/PratikforCoding/CodeSentry/internal/services/style.go:95.33,96.30 1 0
github.com/PratikforCoding/CodeSentry/internal/services/style.go:96.30,98.3 1 0
github.com/PratikforCoding/CodeSentry/internal/services/style.go:99.2,99.22 1 0
github.com/PratikforCoding/CodeSentry/internal/services/style.go:99.22,100.27 1 0
github.com/PratikforCoding/CodeSentry/internal/services/style.go:100.27,102.4 1 0
github.com/PratikforCoding/CodeSentry/internal/services/style.go:104.2,104.14 1 0
github.com/PratikforCoding/CodeSentry/internal/utils/keywords.go:5.46,76.35 2 1
github.com/PratikforCoding/CodeSentry/internal/utils/keywords.go:76.35,77.39 1 1
github.com/PratikforCoding/CodeSentry/internal/utils/keywords.go:77.39,79.4 1 1
github.com/PratikforCoding/CodeSentry/internal/utils/keywords.go:81.2,81.14 1 1
github.com/PratikforCoding/CodeSentry/internal/utils/parser.go:18.37,25.2 1 1
github.com/PratikforCoding/CodeSentry/internal/utils/parser.go:27.44,31.34 3 1
github.com/PratikforCoding/CodeSentry/internal/utils/parser.go:31.34,35.19 2 1
github.com/PratikforCoding/CodeSentry/internal/utils/parser.go:35.19,38.12 3 1
github.com/PratikforCoding/CodeSentry/internal/utils/parser.go:42.3,42.28 1 1
github.com/PratikforCoding/CodeSentry/internal/utils/parser.go:42.28,44.12 2 1
github.com/PratikforCoding/CodeSentry/internal/utils/parser.go:48.3,48.38 1 1
github.com/PratikforCoding/CodeSentry/internal/utils/parser.go:48.38,50.25 1 1
github.com/PratikforCoding/CodeSentry/internal/utils/parser.go:50.25,53.44 3 1
github.com/PratikforCoding/CodeSentry/internal/utils/parser.go:53.44,55.6 1 1
github.com/PratikforCoding/CodeSentry/internal/utils/parser.go:56.5,59.13 4 1
github.com/PratikforCoding/CodeSentry/internal/utils/parser.go:62.4,62.25 1 0
github.com/PratikforCoding/CodeSentry/internal/utils/parser.go:62.25,68.26 5 0
github.com/PratikforCoding/CodeSentry/internal/utils/parser.go:68.26,69.46 1 0
github.com/PratikforCoding/CodeSentry/internal/utils/parser.go:69.46,71.12 2 0
github.com/PratikforCoding/CodeSentry/internal/utils/parser.go:73.6,73.26 1 0
github.com/PratikforCoding/CodeSentry/internal/utils/parser.go:73.26,76.7 2 0
github.com/PratikforCoding/CodeSentry/internal/utils/parser.go:76.12,78.7 1 0
github.com/PratikforCoding/CodeSentry/internal/utils/parser.go:79.6,79.9 1 0
github.com/PratikforCoding/CodeSentry/internal/utils/parser.go:81.5,83.13 3 0
github.com/PratikforCoding/CodeSentry/internal/utils/parser.go:88.3,88.18 1 1
github.com/PratikforCoding/CodeSentry/internal/utils/parser.go:88.18,91.43 3 0
github.com/PratikforCoding/CodeSentry/internal/utils/parser.go:91.43,93.5 1 0
github.com/PratikforCoding/CodeSentry/internal/utils/parser.go:94.4,97.12 4 0
github.com/PratikforCoding/CodeSentry/internal/utils/parser.go:101.3,101.34 1 1
github.com/PratikforCoding/CodeSentry/internal/utils/parser.go:101.34,107.44 5 1
github.com/PratikforCoding/CodeSentry/internal/utils/parser.go:107.44,108.45 1 1
github.com/PratikforCoding/CodeSentry/internal/utils/parser.go:108.45,110.6 1 0
github.com/PratikforCoding/CodeSentry/internal/utils/parser.go:110.11,111.26 1 1
github.com/PratikforCoding/CodeSentry/internal/utils/parser.go:111.26,114.7 2 0
github.com/PratikforCoding/CodeSentry/internal/utils/parser.go:114.12,116.7 1 1
github.com/PratikforCoding/CodeSentry/internal/utils/parser.go:117.6,117.9 1 1
github.com/PratikforCoding/CodeSentry/internal/utils/parser.go:121.4,121.22 1 1
github.com/PratikforCoding/CodeSentry/internal/utils/parser.go:121.22,123.5 1 1
github.com/PratikforCoding/CodeSentry/internal/utils/parser.go:125.4,127.12 3 1
github.com/PratikforCoding/CodeSentry/internal/utils/parser.go:131.3,131.96 1 1
github.com/PratikforCoding/CodeSentry/internal/utils/parser.go:131.96,136.39 3 1
github.com/PratikforCoding/CodeSentry/internal/utils/parser.go:136.39,138.35 2 0
github.com/PratikforCoding/CodeSentry/internal/utils/parser.go:138.35,143.45 2 0
github.com/PratikforCoding/CodeSentry/internal/utils/parser.go:143.45,145.7 1 0
github.com/PratikforCoding/CodeSentry/internal/utils/parser.go:146.11,146.42 1 0
github.com/PratikforCoding/CodeSentry/internal/utils/parser.go:146.42,149.65 2 0
github.com/PratikforCoding/CodeSentry/internal/utils/parser.go:149.65,151.7 1 0
github.com/PratikforCoding/CodeSentry/internal/utils/parser.go:152.11,152.42 1 0
github.com/PratikforCoding/CodeSentry/internal/utils/parser.go:152.42,155.63 2 0
github.com/PratikforCoding/CodeSentry/internal/utils/parser.go:155.63,157.7 1 0
github.com/PratikforCoding/CodeSentry/internal/utils/parser.go:161.4,161.51 1 1
github.com/PratikforCoding/CodeSentry/internal/utils/parser.go:161.51,164.74 2 1
github.com/PratikforCoding/CodeSentry/internal/utils/parser.go:164.74,165.25 1 1
github.com/PratikforCoding/CodeSentry/internal/utils/parser.go:165.25,166.17 1 0
github.com/PratikforCoding/CodeSentry/internal/utils/parser.go:166.17,167.13 1 0
github.com/PratikforCoding/CodeSentry/internal/utils/parser.go:169.7,169.20 1 0
github.com/PratikforCoding/CodeSentry/internal/utils/parser.go:171.6,171.9 1 1
github.com/PratikforCoding/CodeSentry/internal/utils/parser.go:175.5,175.63 1 1
github.com/PratikforCoding/CodeSentry/internal/utils/parser.go:175.63,177.64 2 0
github.com/PratikforCoding/CodeSentry/internal/utils/parser.go:177.64,179.7 1 0
github.com/PratikforCoding/CodeSentry/internal/utils/parser.go:180.6,180.54 1 0
github.com/PratikforCoding/CodeSentry/internal/utils/parser.go:180.54,182.7 1 0
github.com/PratikforCoding/CodeSentry/internal/utils/parser.go:186.4,189.12 4 1
github.com/PratikforCoding/CodeSentry/internal/utils/parser.go:193.3,193.44 1 1
github.com/PratikforCoding/CodeSentry/internal/utils/parser.go:193.44,198.51 3 1
github.com/PratikforCoding/CodeSentry/internal/utils/parser.go:198.51,200.5 1 1
github.com/PratikforCoding/CodeSentry/internal/utils/parser.go:202.4,204.25 2 1
github.com/PratikforCoding/CodeSentry/internal/utils/parser.go:204.25,206.5 1 1
github.com/PratikforCoding/CodeSentry/internal/utils/parser.go:206.10,208.5 1 1
github.com/PratikforCoding/CodeSentry/internal/utils/parser.go:210.4,212.12 3 1
github.com/PratikforCoding/CodeSentry/internal/utils/parser.go:216.3,217.25 2 1
github.com/PratikforCoding/CodeSentry/internal/utils/parser.go:217.25,219.24 1 1
github.com/PratikforCoding/CodeSentry/internal/utils/parser.go:219.24,221.39 2 1
github.com/PratikforCoding/CodeSentry/internal/utils/parser.go:221.39,225.14 4 1
github.com/PratikforCoding/CodeSentry/internal/utils/parser.go:228.4,228.75 1 1
github.com/PratikforCoding/CodeSentry/internal/utils/parser.go:229.9,229.33 1 1
github.com/PratikforCoding/CodeSentry/internal/utils/parser.go:229.33,231.4 1 1
github.com/PratikforCoding/CodeSentry/internal/utils/parser.go:231.9,233.4 1 0
github.com/PratikforCoding/CodeSentry/internal/utils/parser.go:235.3,235.13 1 1
github.com/PratikforCoding/CodeSentry/internal/utils/parser.go:238.2,238.17 1 1
github.com/PratikforCoding/CodeSentry/internal/utils/parser.go:241.99,249.2 2 1
github.com/PratikforCoding/CodeSentry/internal/utils/parser.go:251.54,258.35 2 1
github.com/PratikforCoding/CodeSentry/internal/utils/parser.go:258.35,259.16 1 1
github.com/PratikforCoding/CodeSentry/internal/utils/parser.go:259.16,261.4 1 1
github.com/PratikforCoding/CodeSentry/internal/utils/parser.go:263.2,263.14 1 1
github.com/PratikforCoding/CodeSentry/internal/utils/parser.go:266.69,273.2 1 0
github.com/PratikforCoding/CodeSentry/internal/utils/parser.go:275.45,278.2 2 1
github.com/PratikforCoding/CodeSentry/internal/utils/parser.go:280.46,283.2 2 1
github.com/PratikforCoding/CodeSentry/internal/utils/parser.go:285.58,289.49 2 1
github.com/PratikforCoding/CodeSentry/internal/utils/parser.go:289.49,291.3 1 1
github.com/PratikforCoding/CodeSentry/internal/utils/parser.go:293.2,296.29 3 1
github.com/PratikforCoding/CodeSentry/internal/utils/parser.go:296.29,299.20 2 1
github.com/PratikforCoding/CodeSentry/internal/utils/parser.go:299.20,301.12 2 1
github.com/PratikforCoding/CodeSentry/internal/utils/parser.go:305.3,305.57 1 1
github.com/PratikforCoding/CodeSentry/internal/utils/parser.go:305.57,307.4 1 1
github.com/PratikforCoding/CodeSentry/internal/utils/parser.go:308.3,308.56 1 1
github.com/PratikforCoding/CodeSentry/internal/utils/parser.go:308.56,312.73 3 1
github.com/PratikforCoding/CodeSentry/internal/utils/parser.go:312.73,314.13 2 1
github.com/PratikforCoding/CodeSentry/internal/utils/parser.go:317.3,317.21 1 1
github.com/PratikforCoding/CodeSentry/internal/utils/parser.go:317.21,319.12 2 1
github.com/PratikforCoding/CodeSentry/internal/utils/parser.go:323.3,323.74 1 1
github.com/PratikforCoding/CodeSentry/internal/utils/parser.go:323.74,325.4 1 1
github.com/PratikforCoding/CodeSentry/internal/utils/parser.go:327.2,327.30 1 1
github.com/PratikforCoding/CodeSentry/internal/utils/parser.go:330.77,332.33 2 1
github.com/PratikforCoding/CodeSentry/internal/utils/parser.go:332.33,333.30 1 1
github.com/PratikforCoding/CodeSentry/internal/utils/parser.go:333.30,335.4 1 1
github.com/PratikforCoding/CodeSentry/internal/utils/parser.go:337.2,337.15 1 1
github.com/PratikforCoding/CodeSentry/internal/utils/parser.go:340.64,342.33 2 1
github.com/PratikforCoding/CodeSentry/internal/utils/parser.go:342.33,343.44 1 1
github.com/PratikforCoding/CodeSentry/internal/utils/parser.go:343.44,345.4 1 1
github.com/PratikforCoding/CodeSentry/internal/utils/parser.go:347.2,347.15 1 1
github.com/PratikforCoding/CodeSentry/internal/utils/parser.go:350.65,352.2 1 0
github.com/PratikforCoding/CodeSentry/internal/utils/parser.go:354.51,357.33 3 1
github.com/PratikforCoding/CodeSentry/internal/utils/parser.go:357.33,358.46 1 1
github.com/PratikforCoding/CodeSentry/internal/utils/parser.go:358.46,360.4 1 1
github.com/PratikforCoding/CodeSentry/internal/utils/parser.go:362.2,362.14 1 1
github.com/PratikforCoding/CodeSentry/internal/utils/parser.go:365.55,372.45 3 0
github.com/PratikforCoding/CodeSentry/internal/utils/parser.go:372.45,374.3 1 0
github.com/PratikforCoding/CodeSentry/internal/utils/parser.go:377.2,378.31 2 0
github.com/PratikforCoding/CodeSentry/internal/utils/parser.go:378.31,379.62 1 0
github.com/PratikforCoding/CodeSentry/internal/utils/parser.go:379.62,381.4 1 0
github.com/PratikforCoding/CodeSentry/internal/utils/parser.go:384.2,384.15 1 0
github.com/PratikforCoding/CodeSentry/internal/utils/parser.go:387.77,393.9 5 0
github.com/PratikforCoding/CodeSentry/internal/utils/parser.go:393.9,396.3 1 0
github.com/PratikforCoding/CodeSentry/internal/utils/parser.go:398.2,398.35 1 0
github.com/PratikforCoding/CodeSentry/internal/utils/parser.go:398.35,400.33 2 0
github.com/PratikforCoding/CodeSentry/internal/utils/parser.go:400.33,404.28 3 0
github.com/PratikforCoding/CodeSentry/internal/utils/parser.go:404.28,405.13 1 0
github.com/PratikforCoding/CodeSentry/internal/utils/parser.go:407.4,418.34 5 0
github.com/PratikforCoding/CodeSentry/internal/utils/parser.go:422.2,422.15 1 0
github.com/PratikforCoding/CodeSentry/internal/utils/parser.go:425.61,426.26 1 0
github.com/PratikforCoding/CodeSentry/internal/utils/parser.go:426.26,427.16 1 0
github.com/PratikforCoding/CodeSentry/internal/utils/parser.go:427.16,429.4 1 0
github.com/PratikforCoding/CodeSentry/internal/utils/parser.go:431.2,431.14 1 0
github.com/PratikforCoding/CodeSentry/internal/utils/parser.go:434.69,438.50 2 0
github.com/PratikforCoding/CodeSentry/internal/utils/parser.go:438.50,440.33 2 0
github.com/PratikforCoding/CodeSentry/internal/utils/parser.go:440.33,441.22 1 0
github.com/PratikforCoding/CodeSentry/internal/utils/parser.go:441.22,444.25 2 0
github.com/PratikforCoding/CodeSentry/internal/utils/parser.go:444.25,453.6 3 0
github.com/PratikforCoding/CodeSentry/internal/utils/parser.go:459.2,470.58 2 0
github.com/PratikforCoding/CodeSentry/internal/utils/parser.go:470.58,471.36 1 0
github.com/PratikforCoding/CodeSentry/internal/utils/parser.go:471.36,473.33 2 0
github.com/PratikforCoding/CodeSentry/internal/utils/parser.go:473.33,475.41 1 0
github.com/PratikforCoding/CodeSentry/internal/utils/parser.go:475.41,477.6 1 0
github.com/PratikforCoding/CodeSentry/internal/utils/parser.go:482.2,482.15 1 0
github.com/PratikforCoding/CodeSentry/internal/utils/parser.go:485.68,488.26 3 0
github.com/PratikforCoding/CodeSentry/internal/utils/parser.go:488.26,490.3 1 0
github.com/PratikforCoding/CodeSentry/internal/utils/parser.go:491.2,491.33 1 0
github.com/PratikforCoding/CodeSentry/internal/utils/parser.go:491.33,492.37 1 0
github.com/PratikforCoding/CodeSentry/internal/utils/parser.go:492.37,493.23 1 0
github.com/PratikforCoding/CodeSentry/internal/utils/parser.go:494.23,496.32 2 0
github.com/PratikforCoding/CodeSentry/internal/utils/parser.go:496.32,498.6 1 0
github.com/PratikforCoding/CodeSentry/internal/utils/parser.go:499.23,500.25 1 0
github.com/PratikforCoding/CodeSentry/internal/utils/parser.go:500.25,502.6 1 0
github.com/PratikforCoding/CodeSentry/internal/utils/parser.go:507.2,507.17 1 0
github.com/PratikforCoding/CodeSentry/internal/utils/parser.go:510.48,514.29 3 0
github.com/PratikforCoding/CodeSentry/internal/utils/parser.go:514.29,515.36 1 0
github.com/PratikforCoding/CodeSentry/internal/utils/parser.go:515.36,516.12 1 0
github.com/PratikforCoding/CodeSentry/internal/utils/parser.go:520.3,521.29 2 0
github.com/PratikforCoding/CodeSentry/internal/utils/parser.go:521.29,522.19 1 0
github.com/PratikforCoding/CodeSentry/internal/utils/parser.go:522.19,524.5 1 0
github.com/PratikforCoding/CodeSentry/internal/utils/parser.go:524.10,524.27 1 0
github.com/PratikforCoding/CodeSentry/internal/utils/parser.go:524.27,526.5 1 0
github.com/PratikforCoding/CodeSentry/internal/utils/parser.go:526.10,527.10 1 0
github.com/PratikforCoding/CodeSentry/internal/utils/parser.go:532.3,533.23 2 0
github.com/PratikforCoding/CodeSentry/internal/utils/parser.go:533.23,535.4 1 0
github.com/PratikforCoding/CodeSentry/internal/utils/parser.go:538.2,538.17 1 0
github.com/PratikforCoding/CodeSentry/internal/utils/parser.go:541.61,546.33 4 0
github.com/PratikforCoding/CodeSentry/internal/utils/parser.go:546.33,547.44 1 0
github.com/PratikforCoding/CodeSentry/internal/utils/parser.go:547.44,548.51 1 0
github.com/PratikforCoding/CodeSentry/internal/utils/parser.go:548.51,550.10 2 0
github.com/PratikforCoding/CodeSentry/internal/utils/parser.go:555.2,555.14 1 0
github.com/PratikforCoding/CodeSentry/internal/utils/parser.go:558.55,561.46 3 0
github.com/PratikforCoding/CodeSentry/internal/utils/parser.go:561.46,562.24 1 0
github.com/PratikforCoding/CodeSentry/internal/utils/parser.go:562.24,565.4 2 0
github.com/PratikforCoding/CodeSentry/internal/utils/parser.go:565.9,567.4 1 0
github.com/PratikforCoding/CodeSentry/internal/utils/parser.go:569.2,569.18 1 0
github.com/PratikforCoding/CodeSentry/internal/utils/parser.go:594.74,597.34 2 1
github.com/PratikforCoding/CodeSentry/internal/utils/parser.go:597.34,609.41 3 1
github.com/PratikforCoding/CodeSentry/internal/utils/parser.go:609.41,610.84 1 1
github.com/PratikforCoding/CodeSentry/internal/utils/parser.go:610.84,612.5 1 1
github.com/PratikforCoding/CodeSentry/internal/utils/parser.go:613.4,613.84 1 1
github.com/PratikforCoding/CodeSentry/internal/utils/parser.go:613.84,615.5 1 0
github.com/PratikforCoding/CodeSentry/internal/utils/parser.go:618.2,618.14 1 0
github.com/PratikforCoding/CodeSentry/internal/utils/parser.go:621.46,639.44 4 0
github.com/PratikforCoding/CodeSentry/internal/utils/parser.go:639.44,640.50 1 0
github.com/PratikforCoding/CodeSentry/internal/utils/parser.go:640.50,642.4 1 0
github.com/PratikforCoding/CodeSentry/internal/utils/parser.go:642.9,644.4 1 0
github.com/PratikforCoding/CodeSentry/internal/utils/parser.go:647.2,647.14 1 0
github.com/PratikforCoding/CodeSentry/internal/utils/parser.go:650.84,676.44 4 0
github.com/PratikforCoding/CodeSentry/internal/utils/parser.go:676.44,677.52 1 0
github.com/PratikforCoding/CodeSentry/internal/utils/parser.go:677.52,679.4 1 0
github.com/PratikforCoding/CodeSentry/internal/utils/parser.go:679.9,681.4 1 0
github.com/PratikforCoding/CodeSentry/internal/utils/parser.go:684.2,684.15 1 0
github.com/PratikforCoding/CodeSentry/internal/utils/parser.go:687.53,697.39 3 0
github.com/PratikforCoding/CodeSentry/internal/utils/parser.go:697.39,699.33 2 0
github.com/PratikforCoding/CodeSentry/internal/utils/parser.go:699.33,702.21 2 0
github.com/PratikforCoding/CodeSentry/internal/utils/parser.go:702.21,704.5 1 0
github.com/PratikforCoding/CodeSentry/internal/utils/parser.go:708.2,708.19 1 0
github.com/PratikforCoding/CodeSentry/internal/utils/parser.go:711.61,714.50 2 0
github.com/PratikforCoding/CodeSentry/internal/utils/parser.go:714.50,716.33 2 0
github.com/PratikforCoding/CodeSentry/internal/utils/parser.go:716.33,717.23 1 0
github.com/PratikforCoding/CodeSentry/internal/utils/parser.go:717.23,728.5 3 0
github.com/PratikforCoding/CodeSentry/internal/utils/parser.go:732.2,732.17 1 0
github.com/PratikforCoding/CodeSentry/internal/utils/parser.go:744.54,758.55 2 0
github.com/PratikforCoding/CodeSentry/internal/utils/parser.go:758.55,760.3 1 0
github.com/PratikforCoding/CodeSentry/internal/utils/parser.go:761.2,761.14 1 0
github.com/PratikforCoding/CodeSentry/internal/utils/parser.go:764.57,778.52 2 0
github.com/PratikforCoding/CodeSentry/internal/utils/parser.go:778.52,780.3 1 0
github.com/PratikforCoding/CodeSentry/internal/utils/parser.go:781.2,781.34 1 0
github.com/PratikforCoding/CodeSentry/internal/utils/parser.go:784.50,786.36 2 0
github.com/PratikforCoding/CodeSentry/internal/utils/parser.go:786.36,788.3 1 0
github.com/PratikforCoding/CodeSentry/internal/utils/parser.go:789.2,789.11 1 0
github.com/PratikforCoding/CodeSentry/internal/utils/patterns.go:159.57,203.2 1 0
github.com/PratikforCoding/CodeSentry/pkg/config/config.go:15.21,17.16 2 0
github.com/PratikforCoding/CodeSentry/pkg/config/config.go:17.16,19.3 1 0
github.com/PratikforCoding/CodeSentry/pkg/config/config.go:20.2,24.3 1 0
github.com/PratikforCoding/CodeSentry/pkg/config/config.go:27.46,28.42 1 0
github.com/PratikforCoding/CodeSentry/pkg/config/config.go:28.42,30.3 1 0
github.com/PratikforCoding/CodeSentry/pkg/config/config.go:31.2,31.21 1 0
